
ROM used:   107/8192 (1%)
            107/8192 (1%) including unused fragments

            0.2 Average locations per line
            8.2 Average locations per statement

RAM used:   16/368 (4%) at main() level
            18/368 (5%) worst case

Stack used: 0 worst case (0 in main + 0 for interrupts)
Stack size: 8

Lines Stmts  %   Files
----- ----- ---  -----
   32    13 100  main.c
   10     0   0  main.h
  661     0   0  ..\..\..\..\..\..\..\Program Files (x86)\PICC\Devices\16F877A.h
----- -----
  703    13 Total

Page ROM  %  RAM   Vol Diff  Functions:
---- --- --- ---   --- ----  ----------
0     23  21    1             @delay_ms2
0     80  75    1   304  5.1  main
 Inline         0             @cinit1

Program metrics:
    Functions               1
    Statements              13
    Comments                110
    Volume (V)              309
    Difficulty (D)          4.7
    Effort to implement (E) 1464
    Time to implement (T)   1 minutes
    Est Delivered Bugs (B)  0
    Cyclomatic Complexity   2
    Maintainability (MI)    73

 Segment     Used  Free
-----------  ----  ----
00000-00003     4  0  
00004-007FF   103  1941  
00800-00FFF     0  2048  
01000-017FF     0  2048  
01800-01FFF     0  2048  



