
ROM used:   1113/8192 (14%)
            1113/8192 (14%) including unused fragments

            1.0 Average locations per line
            11.5 Average locations per statement

RAM used:   15/368 (4%) at main() level
            41/368 (11%) worst case

Stack used: 0 worst case (0 in main + 0 for interrupts)
Stack size: 8

Lines Stmts  %   Files
----- ----- ---  -----
   38    13  13  16F877A.c
  661     0   0  ..\..\..\..\..\..\..\Program Files (x86)\PICC\Devices\16F877A.h
  456    84  87  ..\..\..\..\..\..\..\Program Files (x86)\PICC\Drivers\lcd.c
----- -----
 1155    97 Total

Page ROM  %  RAM   Vol Diff  Functions:
---- --- --- ---   --- ----  ----------
0     21   2    1             @delay_ms1
0      8   1    0             @const629
 Inline         3   596  5.9  lcd_read_byte
0      6   1    0    59  4.2  lcd_read_nibble
0     12   1    1   179  3.3  lcd_send_nibble
0     64   6    3   460  4.7  lcd_send_byte
0     51   5    2   667  5.9  lcd_init
0     18   2    4   208  6.3  lcd_gotoxy
0     44   4    1   354  4.7  lcd_putc
0    137  12    0   304  3.5  MAIN
0     31   3    2   223  2.6  @ITOF
0    117  11   13   223  2.6  @MULFF
0    204  18   14             @DIVFF
0      5   0    0             @const673
0     86   8    5             @PSTRINGCN7_647
 Inline         5             @FTOSD
0     79   7   13             @DIV3232
0    226  20   13             @PRINTF_L32D_647FPFPF
 Inline         0             @cinit1

Program metrics:
    Functions               10
    Statements              97
    Comments                211
    Volume (V)              5247
    Difficulty (D)          41.4
    Effort to implement (E) 217360
    Time to implement (T)   3 hours, 21 minutes
    Est Delivered Bugs (B)  1
    Cyclomatic Complexity   8
    Maintainability (MI)    138

 Segment     Used  Free
-----------  ----  ----
00000-00003     4  0  
00004-007FF  1109  935  
00800-00FFF     0  2048  
01000-017FF     0  2048  
01800-01FFF     0  2048  



