
ROM used:   113/8192 (1%)
            113/8192 (1%) including unused fragments

            0.2 Average locations per line
            4.9 Average locations per statement

RAM used:   6/368 (2%) at main() level
            6/368 (2%) worst case

Stack used: 0 worst case (0 in main + 0 for interrupts)
Stack size: 8

Lines Stmts  %   Files
----- ----- ---  -----
   44    23 100  main.c
   10     0   0  main.h
  661     0   0  ..\..\..\..\..\..\..\Program Files (x86)\PICC\Devices\16F877A.h
----- -----
  715    23 Total

Page ROM  %  RAM   Vol Diff  Functions:
---- --- --- ---   --- ----  ----------
0     21  19    1             @delay_ms2
0     88  78    1   508  2.9  main
 Inline         0             @cinit1

Program metrics:
    Functions               1
    Statements              23
    Comments                115
    Volume (V)              513
    Difficulty (D)          2.7
    Effort to implement (E) 1405
    Time to implement (T)   1 minutes
    Est Delivered Bugs (B)  0
    Cyclomatic Complexity   1
    Maintainability (MI)    48

 Segment     Used  Free
-----------  ----  ----
00000-00003     4  0  
00004-007FF   109  1935  
00800-00FFF     0  2048  
01000-017FF     0  2048  
01800-01FFF     0  2048  



