
ROM used:   84/8192 (1%)
            84/8192 (1%) including unused fragments

            0.1 Average locations per line
            4.9 Average locations per statement

RAM used:   6/368 (2%) at main() level
            9/368 (2%) worst case

Stack used: 0 worst case (0 in main + 0 for interrupts)
Stack size: 8

Lines Stmts  %   Files
----- ----- ---  -----
   63    17 100  main.c
   10     0   0  main.h
  661     0   0  ..\..\..\..\..\..\..\Program Files (x86)\PICC\Devices\16F877A.h
----- -----
  734    17 Total

Page ROM  %  RAM   Vol Diff  Functions:
---- --- --- ---   --- ----  ----------
0     21  25    1             @delay_ms2
0     59  70    1   414  5.3  main
 Inline         0             @cinit1

Program metrics:
    Functions               1
    Statements              17
    Comments                136
    Volume (V)              419
    Difficulty (D)          5.1
    Effort to implement (E) 2117
    Time to implement (T)   2 minutes
    Est Delivered Bugs (B)  0
    Cyclomatic Complexity   2
    Maintainability (MI)    58

 Segment     Used  Free
-----------  ----  ----
00000-00003     4  0  
00004-007FF    80  1964  
00800-00FFF     0  2048  
01000-017FF     0  2048  
01800-01FFF     0  2048  



