
ROM used:   165/8192 (2%)
            165/8192 (2%) including unused fragments

            0.2 Average locations per line
            7.9 Average locations per statement

RAM used:   19/368 (5%) at main() level
            21/368 (6%) worst case

Stack used: 0 worst case (0 in main + 0 for interrupts)
Stack size: 8

Lines Stmts  %   Files
----- ----- ---  -----
   49    21 100  main.c
   10     0   0  main.h
  661     0   0  ..\..\..\..\..\..\..\Program Files (x86)\PICC\Devices\16F877A.h
----- -----
  720    21 Total

Page ROM  %  RAM   Vol Diff  Functions:
---- --- --- ---   --- ----  ----------
0     21  13    1             @delay_ms2
0    119  72    1   520  5.3  main
0     21  13    3             @DIV88
 Inline         0             @cinit1

Program metrics:
    Functions               1
    Statements              21
    Comments                115
    Volume (V)              527
    Difficulty (D)          4.9
    Effort to implement (E) 2591
    Time to implement (T)   2 minutes
    Est Delivered Bugs (B)  0
    Cyclomatic Complexity   1
    Maintainability (MI)    50

 Segment     Used  Free
-----------  ----  ----
00000-00003     4  0  
00004-007FF   161  1883  
00800-00FFF     0  2048  
01000-017FF     0  2048  
01800-01FFF     0  2048  



