
ROM used:   423/8192 (5%)
            423/8192 (5%) including unused fragments

            0.4 Average locations per line
            4.0 Average locations per statement

RAM used:   7/368 (2%) at main() level
            20/368 (5%) worst case

Stack used: 0 worst case (0 in main + 0 for interrupts)
Stack size: 8

Lines Stmts  %   Files
----- ----- ---  -----
   48    21  20  main.c
   10     0   0  main.h
  661     0   0  ..\..\..\..\..\..\..\Program Files (x86)\PICC\Devices\16F877A.h
  456    84  80  ..\..\..\..\..\..\..\Program Files (x86)\PICC\Drivers\lcd.c
----- -----
 1175   105 Total

Page ROM  %  RAM   Vol Diff  Functions:
---- --- --- ---   --- ----  ----------
0     21   5    1             @delay_ms2
0      8   2    0             @const633
 Inline         3   596  5.9  lcd_read_byte
0      6   1    0    59  4.2  lcd_read_nibble
0     12   3    1   179  3.3  lcd_send_nibble
0     64  15    3   460  4.7  lcd_send_byte
0     51  12    2   667  5.9  lcd_init
0     18   4    4   208  6.3  lcd_gotoxy
0     44  10    1   354  4.7  lcd_putc
0    101  24    1   666  5.2  MAIN
0      4   1    0             @const668
0     75  18    4             @PSTRINGC7_651
0      3   1    0             @const670
0      6   1    0             @const672
0      6   1    0             @const674
 Inline         0             @cinit1

Program metrics:
    Functions               8
    Statements              105
    Comments                219
    Volume (V)              4836
    Difficulty (D)          38.0
    Effort to implement (E) 183886
    Time to implement (T)   2 hours, 50 minutes
    Est Delivered Bugs (B)  1
    Cyclomatic Complexity   10
    Maintainability (MI)    144

 Segment     Used  Free
-----------  ----  ----
00000-00003     4  0  
00004-007FF   419  1625  
00800-00FFF     0  2048  
01000-017FF     0  2048  
01800-01FFF     0  2048  



