
ROM used:   111/8192 (1%)
            111/8192 (1%) including unused fragments

            0.2 Average locations per line
            4.8 Average locations per statement

RAM used:   13/368 (4%) at main() level
            13/368 (4%) worst case

Stack used: 1 worst case (0 in main + 1 for interrupts)
Stack size: 8

Lines Stmts  %   Files
----- ----- ---  -----
   50    23 100  main.c
   10     0   0  main.h
  661     0   0  ..\..\..\..\..\..\..\Program Files (x86)\PICC\Devices\16F877A.h
----- -----
  721    23 Total

Page ROM  %  RAM   Vol Diff  Functions:
---- --- --- ---   --- ----  ----------
0     17  15    0   143  3.0  timer0_kesme
0     47  42    0   336  2.8  MAIN
 Inline         0             @cinit1

Program metrics:
    Functions               2
    Statements              23
    Comments                114
    Volume (V)              569
    Difficulty (D)          5.8
    Effort to implement (E) 3315
    Time to implement (T)   3 minutes
    Est Delivered Bugs (B)  0
    Cyclomatic Complexity   2
    Maintainability (MI)    64

 Segment     Used  Free
-----------  ----  ----
00000-00003     4  0  
00004-0002E    43  0  
0002F-007FF    64  1937  
00800-00FFF     0  2048  
01000-017FF     0  2048  
01800-01FFF     0  2048  



