
ROM used:   98/8192 (1%)
            98/8192 (1%) including unused fragments

            0.1 Average locations per line
            8.9 Average locations per statement

RAM used:   17/368 (5%) at main() level
            18/368 (5%) worst case

Stack used: 0 worst case (0 in main + 0 for interrupts)
Stack size: 8

Lines Stmts  %   Files
----- ----- ---  -----
   28    11 100  main.c
   10     0   0  main.h
  661     0   0  ..\..\..\..\..\..\..\Program Files (x86)\PICC\Devices\16F877A.h
----- -----
  699    11 Total

Page ROM  %  RAM   Vol Diff  Functions:
---- --- --- ---   --- ----  ----------
0     23  23    1             @delay_ms2
0     71  72    2   277  4.2  main
 Inline         0             @cinit1

Program metrics:
    Functions               1
    Statements              11
    Comments                110
    Volume (V)              281
    Difficulty (D)          3.9
    Effort to implement (E) 1085
    Time to implement (T)   1 minutes
    Est Delivered Bugs (B)  0
    Cyclomatic Complexity   1
    Maintainability (MI)    77

 Segment     Used  Free
-----------  ----  ----
00000-00003     4  0  
00004-007FF    94  1950  
00800-00FFF     0  2048  
01000-017FF     0  2048  
01800-01FFF     0  2048  



