CCS PCM C Compiler, Version 5.007, 61971               19-Nis-24 15:23

               Filename:   C:\Users\Onur\Documents\GitHub\embedded-system_PIC\week-7\w7_1-potansiyometre\16F877A.lst

               ROM used:   491 words (6%)
                           Largest free fragment is 2048
               RAM used:   7 (2%) at main() level
                           26 (7%) worst case
               Stack used: 0 locations
               Stack size: 8

*
0000:  MOVLW  01
0001:  MOVWF  0A
0002:  GOTO   1A5
0003:  NOP
.................... #include <16F877A.h> 
.................... //////// Standard Header file for the PIC16F877A device //////////////// 
.................... #device PIC16F877A 
0004:  BCF    0A.0
0005:  BCF    0A.1
0006:  BCF    0A.2
0007:  ADDWF  02,F
0008:  RETLW  28
0009:  RETLW  0C
000A:  RETLW  01
000B:  RETLW  06
000C:  DATA 0C,32
000D:  DATA E5,33
000E:  DATA 65,39
000F:  DATA BD,12
0010:  DATA EC,3A
0011:  DATA 00,00
*
00EA:  MOVF   0B,W
00EB:  MOVWF  23
00EC:  BCF    0B.7
00ED:  BSF    03.5
00EE:  BSF    03.6
00EF:  BSF    0C.7
00F0:  BSF    0C.0
00F1:  NOP
00F2:  NOP
00F3:  BTFSC  03.0
00F4:  GOTO   11C
00F5:  BCF    03.5
00F6:  MOVF   0C,W
00F7:  ANDLW  7F
00F8:  BCF    03.6
00F9:  MOVWF  24
00FA:  BSF    03.6
00FB:  MOVF   0D,W
00FC:  BCF    03.6
00FD:  MOVWF  25
00FE:  BSF    03.6
00FF:  MOVF   0F,W
0100:  BCF    03.6
0101:  MOVWF  26
0102:  MOVF   24,W
0103:  MOVWF  2B
0104:  CALL   0BE
0105:  MOVF   25,W
0106:  BSF    03.6
0107:  MOVWF  0D
0108:  BCF    03.6
0109:  MOVF   26,W
010A:  BSF    03.6
010B:  MOVWF  0F
010C:  BSF    03.5
010D:  BSF    0C.7
010E:  BSF    0C.0
010F:  NOP
0110:  NOP
0111:  BCF    03.5
0112:  BCF    03.6
0113:  DECFSZ 22,F
0114:  GOTO   116
0115:  GOTO   119
0116:  BSF    03.5
0117:  BSF    03.6
0118:  GOTO   11C
0119:  GOTO   13B
011A:  BSF    03.5
011B:  BSF    03.6
011C:  BCF    03.5
011D:  RLF    0C,W
011E:  RLF    0E,W
011F:  ANDLW  7F
0120:  BCF    03.6
0121:  MOVWF  24
0122:  BSF    03.6
0123:  MOVF   0D,W
0124:  BCF    03.6
0125:  MOVWF  25
0126:  BSF    03.6
0127:  MOVF   0F,W
0128:  BCF    03.6
0129:  MOVWF  26
012A:  MOVF   24,W
012B:  MOVWF  2B
012C:  CALL   0BE
012D:  MOVF   25,W
012E:  BSF    03.6
012F:  MOVWF  0D
0130:  BCF    03.6
0131:  MOVF   26,W
0132:  BSF    03.6
0133:  MOVWF  0F
0134:  INCF   0D,F
0135:  BTFSC  03.2
0136:  INCF   0F,F
0137:  BCF    03.0
0138:  BCF    03.6
0139:  DECFSZ 22,F
013A:  GOTO   0ED
013B:  BTFSC  23.7
013C:  BSF    0B.7
013D:  BCF    0A.3
013E:  BCF    0A.4
013F:  GOTO   1DF (RETURN)
0140:  CLRF   2A
0141:  MOVF   04,W
0142:  MOVWF  29
0143:  BCF    2A.0
0144:  BTFSC  03.7
0145:  BSF    2A.0
0146:  SWAPF  23,W
0147:  IORLW  F0
0148:  MOVWF  25
0149:  ADDWF  25,F
014A:  ADDLW  E2
014B:  MOVWF  26
014C:  ADDLW  32
014D:  MOVWF  28
014E:  MOVF   23,W
014F:  ANDLW  0F
0150:  ADDWF  26,F
0151:  ADDWF  26,F
0152:  ADDWF  28,F
0153:  ADDLW  E9
0154:  MOVWF  27
0155:  ADDWF  27,F
0156:  ADDWF  27,F
0157:  SWAPF  22,W
0158:  ANDLW  0F
0159:  ADDWF  27,F
015A:  ADDWF  28,F
015B:  RLF    27,F
015C:  RLF    28,F
015D:  COMF   28,F
015E:  RLF    28,F
015F:  MOVF   22,W
0160:  ANDLW  0F
0161:  ADDWF  28,F
0162:  RLF    25,F
0163:  MOVLW  07
0164:  MOVWF  24
0165:  MOVLW  0A
0166:  ADDWF  28,F
0167:  DECF   27,F
0168:  BTFSS  03.0
0169:  GOTO   166
016A:  ADDWF  27,F
016B:  DECF   26,F
016C:  BTFSS  03.0
016D:  GOTO   16A
016E:  ADDWF  26,F
016F:  DECF   25,F
0170:  BTFSS  03.0
0171:  GOTO   16E
0172:  ADDWF  25,F
0173:  DECF   24,F
0174:  BTFSS  03.0
0175:  GOTO   172
0176:  MOVLW  24
0177:  MOVWF  04
0178:  BCF    03.7
0179:  MOVLW  07
017A:  ANDWF  29,W
017B:  BCF    29.6
017C:  ADDWF  04,F
017D:  MOVLW  28
017E:  SUBWF  04,W
017F:  BTFSC  03.2
0180:  BSF    29.6
0181:  MOVF   00,W
0182:  MOVWF  77
0183:  BTFSS  03.2
0184:  GOTO   18D
0185:  BTFSC  29.6
0186:  GOTO   18D
0187:  BTFSC  29.4
0188:  GOTO   19F
0189:  BTFSC  29.3
018A:  GOTO   18D
018B:  MOVLW  20
018C:  GOTO   190
018D:  BSF    29.3
018E:  BCF    29.4
018F:  MOVLW  30
0190:  ADDWF  77,F
0191:  CLRF   23
0192:  MOVF   04,W
0193:  MOVWF  22
0194:  BCF    23.0
0195:  BTFSC  03.7
0196:  BSF    23.0
0197:  MOVF   77,W
0198:  MOVWF  2B
0199:  CALL   0BE
019A:  MOVF   22,W
019B:  MOVWF  04
019C:  BCF    03.7
019D:  BTFSC  23.0
019E:  BSF    03.7
019F:  INCF   04,F
01A0:  BTFSS  29.6
01A1:  GOTO   17D
01A2:  BCF    0A.3
01A3:  BCF    0A.4
01A4:  GOTO   1E6 (RETURN)
....................  
.................... #list 
....................  
.................... //#device adc=16 
.................... #device adc=8 
.................... #fuses XT,NOWDT,NOPROTECT,NOBROWNOUT,NOLVP,NOPUT,NOWRT,NODEBUG 
....................  
....................  
.................... #use delay(clock=4M) 
*
0012:  MOVLW  2C
0013:  MOVWF  04
0014:  BCF    03.7
0015:  MOVF   00,W
0016:  BTFSC  03.2
0017:  GOTO   026
0018:  MOVLW  01
0019:  MOVWF  78
001A:  CLRF   77
001B:  DECFSZ 77,F
001C:  GOTO   01B
001D:  DECFSZ 78,F
001E:  GOTO   01A
001F:  MOVLW  4A
0020:  MOVWF  77
0021:  DECFSZ 77,F
0022:  GOTO   021
0023:  GOTO   024
0024:  DECFSZ 00,F
0025:  GOTO   018
0026:  RETURN
.................... #use fast_io(a) 
....................  
.................... #include <lcd.c> 
.................... /////////////////////////////////////////////////////////////////////////////// 
.................... ////                             LCD.C                                     //// 
.................... ////                 Driver for common LCD modules                         //// 
.................... ////                                                                       //// 
.................... ////  lcd_init()   Must be called before any other function.               //// 
.................... ////                                                                       //// 
.................... ////  lcd_putc(c)  Will display c on the next position of the LCD.         //// 
.................... ////                 \a  Set cursor position to upper left                 //// 
.................... ////                 \f  Clear display, set cursor to upper left           //// 
.................... ////                 \n  Go to start of second line                        //// 
.................... ////                 \b  Move back one position                            //// 
.................... ////              If LCD_EXTENDED_NEWLINE is defined, the \n character     //// 
.................... ////              will erase all remanining characters on the current      //// 
.................... ////              line, and move the cursor to the beginning of the next   //// 
.................... ////              line.                                                    //// 
.................... ////              If LCD_EXTENDED_NEWLINE is defined, the \r character     //// 
.................... ////              will move the cursor to the start of the current         //// 
.................... ////              line.                                                    //// 
.................... ////                                                                       //// 
.................... ////  lcd_gotoxy(x,y) Set write position on LCD (upper left is 1,1)        //// 
.................... ////                                                                       //// 
.................... ////  lcd_getc(x,y)   Returns character at position x,y on LCD             //// 
.................... ////                                                                       //// 
.................... ////  lcd_cursor_on(int1 on)   Turn the cursor on (on=TRUE) or off         //// 
.................... ////              (on=FALSE).                                              //// 
.................... ////                                                                       //// 
.................... ////  lcd_set_cgram_char(w, *p)   Write a custom character to the CGRAM.   //// 
.................... ////                                                                       //// 
.................... ////                                                                       //// 
.................... ////  CONFIGURATION                                                        //// 
.................... ////  The LCD can be configured in one of two ways: a.) port access or     //// 
.................... ////  b.) pin access.  Port access requires the entire 7 bit interface     //// 
.................... ////  connected to one GPIO port, and the data bits (D4:D7 of the LCD)     //// 
.................... ////  connected to sequential pins on the GPIO.  Pin access                //// 
.................... ////  has no requirements, all 7 bits of the control interface can         //// 
.................... ////  can be connected to any GPIO using several ports.                    //// 
.................... ////                                                                       //// 
.................... ////  To use port access, #define LCD_DATA_PORT to the SFR location of     //// 
.................... ////  of the GPIO port that holds the interface, -AND- edit LCD_PIN_MAP    //// 
.................... ////  of this file to configure the pin order.  If you are using a         //// 
.................... ////  baseline PIC (PCB), then LCD_OUTPUT_MAP and LCD_INPUT_MAP also must  //// 
.................... ////  be defined.                                                          //// 
.................... ////                                                                       //// 
.................... ////  Example of port access:                                              //// 
.................... ////     #define LCD_DATA_PORT getenv("SFR:PORTD")                         //// 
.................... ////                                                                       //// 
.................... ////  To use pin access, the following pins must be defined:               //// 
.................... ////     LCD_ENABLE_PIN                                                    //// 
.................... ////     LCD_RS_PIN                                                        //// 
.................... ////     LCD_RW_PIN                                                        //// 
.................... ////     LCD_DATA4                                                         //// 
.................... ////     LCD_DATA5                                                         //// 
.................... ////     LCD_DATA6                                                         //// 
.................... ////     LCD_DATA7                                                         //// 
.................... ////                                                                       //// 
.................... ////  Example of pin access:                                               //// 
.................... ////     #define LCD_ENABLE_PIN  PIN_E0                                    //// 
.................... ////     #define LCD_RS_PIN      PIN_E1                                    //// 
.................... ////     #define LCD_RW_PIN      PIN_E2                                    //// 
.................... ////     #define LCD_DATA4       PIN_D4                                    //// 
.................... ////     #define LCD_DATA5       PIN_D5                                    //// 
.................... ////     #define LCD_DATA6       PIN_D6                                    //// 
.................... ////     #define LCD_DATA7       PIN_D7                                    //// 
.................... ////                                                                       //// 
.................... /////////////////////////////////////////////////////////////////////////////// 
.................... ////        (C) Copyright 1996,2010 Custom Computer Services           //// 
.................... //// This source code may only be used by licensed users of the CCS C  //// 
.................... //// compiler.  This source code may only be distributed to other      //// 
.................... //// licensed users of the CCS C compiler.  No other use, reproduction //// 
.................... //// or distribution is permitted without written permission.          //// 
.................... //// Derivative programs created using this software in object code    //// 
.................... //// form are not restricted in any way.                               //// 
.................... /////////////////////////////////////////////////////////////////////////// 
....................  
.................... #ifndef __LCD_C__ 
.................... #define __LCD_C__ 
....................  
.................... // define the pinout. 
.................... // only required if port access is being used. 
.................... typedef struct   
.................... {                            // This structure is overlayed 
....................    int1 enable;           // on to an I/O port to gain 
....................    int1 rs;               // access to the LCD pins. 
....................    int1 rw;               // The bits are allocated from 
....................    int1 unused;           // low order up.  ENABLE will 
....................    unsigned int     data : 4;         // be LSB pin of that port. 
....................   #if defined(__PCD__)       // The port used will be LCD_DATA_PORT. 
....................    unsigned int    reserved: 8; 
....................   #endif 
.................... } LCD_PIN_MAP; 
....................  
.................... // this is to improve compatability with previous LCD drivers that accepted 
.................... // a define labeled 'use_portb_lcd' that configured the LCD onto port B. 
.................... #if ((defined(use_portb_lcd)) && (use_portb_lcd==TRUE)) 
....................  #define LCD_DATA_PORT getenv("SFR:PORTB") 
.................... #endif 
....................  
.................... #if defined(__PCB__) 
....................    // these definitions only need to be modified for baseline PICs. 
....................    // all other PICs use LCD_PIN_MAP or individual LCD_xxx pin definitions. 
.................... /*                                    EN, RS,   RW,   UNUSED,  DATA  */ 
....................  const LCD_PIN_MAP LCD_OUTPUT_MAP =  {0,  0,    0,    0,       0}; 
....................  const LCD_PIN_MAP LCD_INPUT_MAP =   {0,  0,    0,    0,       0xF}; 
.................... #endif 
....................  
.................... ////////////////////// END CONFIGURATION /////////////////////////////////// 
....................  
.................... #ifndef LCD_ENABLE_PIN 
....................    #define lcd_output_enable(x) lcdlat.enable=x 
....................    #define lcd_enable_tris()   lcdtris.enable=0 
.................... #else 
....................    #define lcd_output_enable(x) output_bit(LCD_ENABLE_PIN, x) 
....................    #define lcd_enable_tris()  output_drive(LCD_ENABLE_PIN) 
.................... #endif 
....................  
.................... #ifndef LCD_RS_PIN 
....................    #define lcd_output_rs(x) lcdlat.rs=x 
....................    #define lcd_rs_tris()   lcdtris.rs=0 
.................... #else 
....................    #define lcd_output_rs(x) output_bit(LCD_RS_PIN, x) 
....................    #define lcd_rs_tris()  output_drive(LCD_RS_PIN) 
.................... #endif 
....................  
.................... #ifndef LCD_RW_PIN 
....................    #define lcd_output_rw(x) lcdlat.rw=x 
....................    #define lcd_rw_tris()   lcdtris.rw=0 
.................... #else 
....................    #define lcd_output_rw(x) output_bit(LCD_RW_PIN, x) 
....................    #define lcd_rw_tris()  output_drive(LCD_RW_PIN) 
.................... #endif 
....................  
.................... // original version of this library incorrectly labeled LCD_DATA0 as LCD_DATA4, 
.................... // LCD_DATA1 as LCD_DATA5, and so on.  this block of code makes the driver 
.................... // compatible with any code written for the original library 
.................... #if (defined(LCD_DATA0) && defined(LCD_DATA1) && defined(LCD_DATA2) && defined(LCD_DATA3) && !defined(LCD_DATA4) && !defined(LCD_DATA5) && !defined(LCD_DATA6) && !defined(LCD_DATA7)) 
....................    #define  LCD_DATA4    LCD_DATA0 
....................    #define  LCD_DATA5    LCD_DATA1 
....................    #define  LCD_DATA6    LCD_DATA2 
....................    #define  LCD_DATA7    LCD_DATA3 
.................... #endif 
....................  
.................... #ifndef LCD_DATA4 
.................... #ifndef LCD_DATA_PORT 
....................    #if defined(__PCB__) 
....................       #define LCD_DATA_PORT      0x06     //portb 
....................       #define set_tris_lcd(x)   set_tris_b(x) 
....................    #else 
....................      #if defined(PIN_D0) 
....................       #define LCD_DATA_PORT      getenv("SFR:PORTD")     //portd 
....................      #else 
....................       #define LCD_DATA_PORT      getenv("SFR:PORTB")     //portb 
....................      #endif 
....................    #endif    
.................... #endif 
....................  
.................... #if defined(__PCB__) 
....................    LCD_PIN_MAP lcd, lcdlat; 
....................    #byte lcd = LCD_DATA_PORT 
....................    #byte lcdlat = LCD_DATA_PORT 
.................... #elif defined(__PCM__) 
....................    LCD_PIN_MAP lcd, lcdlat, lcdtris; 
....................    #byte lcd = LCD_DATA_PORT 
....................    #byte lcdlat = LCD_DATA_PORT 
....................    #byte lcdtris = LCD_DATA_PORT+0x80 
.................... #elif defined(__PCH__) 
....................    LCD_PIN_MAP lcd, lcdlat, lcdtris; 
....................    #byte lcd = LCD_DATA_PORT 
....................    #byte lcdlat = LCD_DATA_PORT+9 
....................    #byte lcdtris = LCD_DATA_PORT+0x12 
.................... #elif defined(__PCD__) 
....................    LCD_PIN_MAP lcd, lcdlat, lcdtris; 
....................    #word lcd = LCD_DATA_PORT 
....................    #word lcdlat = LCD_DATA_PORT+2 
....................    #word lcdtris = LCD_DATA_PORT-0x02 
.................... #endif 
.................... #endif   //LCD_DATA4 not defined 
....................  
.................... #ifndef LCD_TYPE 
....................    #define LCD_TYPE 2           // 0=5x7, 1=5x10, 2=2 lines 
.................... #endif 
....................  
.................... #ifndef LCD_LINE_TWO 
....................    #define LCD_LINE_TWO 0x40    // LCD RAM address for the second line 
.................... #endif 
....................  
.................... #ifndef LCD_LINE_LENGTH 
....................    #define LCD_LINE_LENGTH 20 
.................... #endif 
....................  
.................... unsigned int8 const LCD_INIT_STRING[4] = {0x20 | (LCD_TYPE << 2), 0xc, 1, 6}; 
....................                              // These bytes need to be sent to the LCD 
....................                              // to start it up. 
....................  
.................... unsigned int8 lcd_read_nibble(void); 
....................  
.................... unsigned int8 lcd_read_byte(void) 
.................... { 
....................    unsigned int8 low,high; 
....................  
....................  #if defined(__PCB__) 
....................    set_tris_lcd(LCD_INPUT_MAP); 
....................  #else 
....................   #if (defined(LCD_DATA4) && defined(LCD_DATA5) && defined(LCD_DATA6) && defined(LCD_DATA7)) 
....................    output_float(LCD_DATA4); 
....................    output_float(LCD_DATA5); 
....................    output_float(LCD_DATA6); 
....................    output_float(LCD_DATA7); 
....................   #else 
....................    lcdtris.data = 0xF; 
*
003F:  MOVLW  0F
0040:  BSF    03.5
0041:  ANDWF  08,W
0042:  IORLW  F0
0043:  MOVWF  08
....................   #endif 
....................  #endif 
....................          
....................    lcd_output_rw(1); 
0044:  BCF    03.5
0045:  BSF    08.2
....................    delay_cycles(1); 
0046:  NOP
....................    lcd_output_enable(1); 
0047:  BSF    08.0
....................    delay_cycles(1); 
0048:  NOP
....................    high = lcd_read_nibble(); 
0049:  CALL   033
004A:  MOVF   78,W
004B:  MOVWF  33
....................        
....................    lcd_output_enable(0); 
004C:  BCF    08.0
....................    delay_cycles(1); 
004D:  NOP
....................    lcd_output_enable(1); 
004E:  BSF    08.0
....................    delay_us(1); 
004F:  NOP
....................    low = lcd_read_nibble(); 
0050:  CALL   033
0051:  MOVF   78,W
0052:  MOVWF  32
....................        
....................    lcd_output_enable(0); 
0053:  BCF    08.0
....................  
....................  #if defined(__PCB__) 
....................    set_tris_lcd(LCD_OUTPUT_MAP); 
....................  #else 
....................   #if (defined(LCD_DATA4) && defined(LCD_DATA5) && defined(LCD_DATA6) && defined(LCD_DATA7)) 
....................    output_drive(LCD_DATA4); 
....................    output_drive(LCD_DATA5); 
....................    output_drive(LCD_DATA6); 
....................    output_drive(LCD_DATA7); 
....................   #else 
....................    lcdtris.data = 0x0; 
0054:  MOVLW  0F
0055:  BSF    03.5
0056:  ANDWF  08,W
0057:  MOVWF  08
....................   #endif 
....................  #endif 
....................  
....................    return( (high<<4) | low); 
0058:  BCF    03.5
0059:  SWAPF  33,W
005A:  MOVWF  77
005B:  MOVLW  F0
005C:  ANDWF  77,F
005D:  MOVF   77,W
005E:  IORWF  32,W
005F:  MOVWF  78
.................... } 
....................  
.................... unsigned int8 lcd_read_nibble(void) 
.................... { 
....................   #if (defined(LCD_DATA4) && defined(LCD_DATA5) && defined(LCD_DATA6) && defined(LCD_DATA7)) 
....................    unsigned int8 n = 0x00; 
....................  
....................    /* Read the data port */ 
....................    n |= input(LCD_DATA4); 
....................    n |= input(LCD_DATA5) << 1; 
....................    n |= input(LCD_DATA6) << 2; 
....................    n |= input(LCD_DATA7) << 3; 
....................     
....................    return(n); 
....................   #else 
....................    return(lcd.data); 
*
0033:  MOVF   08,W
0034:  MOVWF  77
0035:  SWAPF  08,W
0036:  ANDLW  0F
0037:  MOVWF  78
....................   #endif 
0038:  RETURN
.................... } 
....................  
.................... void lcd_send_nibble(unsigned int8 n) 
.................... { 
....................   #if (defined(LCD_DATA4) && defined(LCD_DATA5) && defined(LCD_DATA6) && defined(LCD_DATA7)) 
....................    /* Write to the data port */ 
....................    output_bit(LCD_DATA4, bit_test(n, 0)); 
....................    output_bit(LCD_DATA5, bit_test(n, 1)); 
....................    output_bit(LCD_DATA6, bit_test(n, 2)); 
....................    output_bit(LCD_DATA7, bit_test(n, 3)); 
....................   #else       
....................    lcdlat.data = n; 
*
0027:  SWAPF  33,W
0028:  ANDLW  F0
0029:  MOVWF  77
002A:  MOVLW  0F
002B:  ANDWF  08,W
002C:  IORWF  77,W
002D:  MOVWF  08
....................   #endif 
....................        
....................    delay_cycles(1); 
002E:  NOP
....................    lcd_output_enable(1); 
002F:  BSF    08.0
....................    delay_us(2); 
0030:  GOTO   031
....................    lcd_output_enable(0); 
0031:  BCF    08.0
0032:  RETURN
.................... } 
....................  
.................... void lcd_send_byte(unsigned int8 address, unsigned int8 n) 
.................... { 
....................   #if defined(__PCB__) 
....................    set_tris_lcd(LCD_OUTPUT_MAP); 
....................   #else 
....................    lcd_enable_tris(); 
*
0039:  BSF    03.5
003A:  BCF    08.0
....................    lcd_rs_tris(); 
003B:  BCF    08.1
....................    lcd_rw_tris(); 
003C:  BCF    08.2
....................   #endif 
....................  
....................    lcd_output_rs(0); 
003D:  BCF    03.5
003E:  BCF    08.1
....................    while ( bit_test(lcd_read_byte(),7) ) ; 
*
0060:  MOVF   78,W
0061:  MOVWF  32
0062:  BTFSC  32.7
0063:  GOTO   03F
....................    lcd_output_rs(address); 
0064:  BTFSS  30.0
0065:  BCF    08.1
0066:  BTFSC  30.0
0067:  BSF    08.1
....................    delay_cycles(1); 
0068:  NOP
....................    lcd_output_rw(0); 
0069:  BCF    08.2
....................    delay_cycles(1); 
006A:  NOP
....................    lcd_output_enable(0); 
006B:  BCF    08.0
....................    lcd_send_nibble(n >> 4); 
006C:  SWAPF  31,W
006D:  MOVWF  32
006E:  MOVLW  0F
006F:  ANDWF  32,F
0070:  MOVF   32,W
0071:  MOVWF  33
0072:  CALL   027
....................    lcd_send_nibble(n & 0xf); 
0073:  MOVF   31,W
0074:  ANDLW  0F
0075:  MOVWF  32
0076:  MOVWF  33
0077:  CALL   027
0078:  RETURN
.................... } 
....................  
.................... #if defined(LCD_EXTENDED_NEWLINE) 
.................... unsigned int8 g_LcdX, g_LcdY; 
.................... #endif 
....................  
.................... void lcd_init(void)  
.................... { 
....................    unsigned int8 i; 
....................  
....................  #if defined(__PCB__) 
....................    set_tris_lcd(LCD_OUTPUT_MAP); 
....................  #else 
....................   #if (defined(LCD_DATA4) && defined(LCD_DATA5) && defined(LCD_DATA6) && defined(LCD_DATA7)) 
....................    output_drive(LCD_DATA4); 
....................    output_drive(LCD_DATA5); 
....................    output_drive(LCD_DATA6); 
....................    output_drive(LCD_DATA7); 
....................   #else 
....................    lcdtris.data = 0x0; 
0079:  MOVLW  0F
007A:  BSF    03.5
007B:  ANDWF  08,W
007C:  MOVWF  08
....................   #endif 
....................    lcd_enable_tris(); 
007D:  BCF    08.0
....................    lcd_rs_tris(); 
007E:  BCF    08.1
....................    lcd_rw_tris(); 
007F:  BCF    08.2
....................  #endif 
....................  
....................    lcd_output_rs(0); 
0080:  BCF    03.5
0081:  BCF    08.1
....................    lcd_output_rw(0); 
0082:  BCF    08.2
....................    lcd_output_enable(0); 
0083:  BCF    08.0
....................      
....................    delay_ms(15); 
0084:  MOVLW  0F
0085:  MOVWF  2C
0086:  CALL   012
....................    for(i=1;i<=3;++i) 
0087:  MOVLW  01
0088:  MOVWF  22
0089:  MOVF   22,W
008A:  SUBLW  03
008B:  BTFSS  03.0
008C:  GOTO   095
....................    { 
....................        lcd_send_nibble(3); 
008D:  MOVLW  03
008E:  MOVWF  33
008F:  CALL   027
....................        delay_ms(5); 
0090:  MOVLW  05
0091:  MOVWF  2C
0092:  CALL   012
0093:  INCF   22,F
0094:  GOTO   089
....................    } 
....................     
....................    lcd_send_nibble(2); 
0095:  MOVLW  02
0096:  MOVWF  33
0097:  CALL   027
....................    delay_ms(5); 
0098:  MOVLW  05
0099:  MOVWF  2C
009A:  CALL   012
....................    for(i=0;i<=3;++i) 
009B:  CLRF   22
009C:  MOVF   22,W
009D:  SUBLW  03
009E:  BTFSS  03.0
009F:  GOTO   0A9
....................       lcd_send_byte(0,LCD_INIT_STRING[i]); 
00A0:  MOVF   22,W
00A1:  CALL   004
00A2:  MOVWF  23
00A3:  CLRF   30
00A4:  MOVF   23,W
00A5:  MOVWF  31
00A6:  CALL   039
....................  
....................   #if defined(LCD_EXTENDED_NEWLINE) 
00A7:  INCF   22,F
00A8:  GOTO   09C
00A9:  BCF    0A.3
00AA:  BCF    0A.4
00AB:  GOTO   1B5 (RETURN)
....................    g_LcdX = 0; 
....................    g_LcdY = 0; 
....................   #endif 
.................... } 
....................  
.................... void lcd_gotoxy(unsigned int8 x, unsigned int8 y) 
.................... { 
....................    unsigned int8 address; 
....................     
....................    if(y!=1) 
00AC:  DECFSZ 2D,W
00AD:  GOTO   0AF
00AE:  GOTO   0B2
....................       address=LCD_LINE_TWO; 
00AF:  MOVLW  40
00B0:  MOVWF  2E
00B1:  GOTO   0B3
....................    else 
....................       address=0; 
00B2:  CLRF   2E
....................       
....................    address+=x-1; 
00B3:  MOVLW  01
00B4:  SUBWF  2C,W
00B5:  ADDWF  2E,F
....................    lcd_send_byte(0,0x80|address); 
00B6:  MOVF   2E,W
00B7:  IORLW  80
00B8:  MOVWF  2F
00B9:  CLRF   30
00BA:  MOVF   2F,W
00BB:  MOVWF  31
00BC:  CALL   039
....................  
....................   #if defined(LCD_EXTENDED_NEWLINE) 
00BD:  RETURN
....................    g_LcdX = x - 1; 
....................    g_LcdY = y - 1; 
....................   #endif 
.................... } 
....................  
.................... void lcd_putc(char c) 
.................... { 
....................    switch (c) 
00BE:  MOVF   2B,W
00BF:  XORLW  07
00C0:  BTFSC  03.2
00C1:  GOTO   0CC
00C2:  XORLW  0B
00C3:  BTFSC  03.2
00C4:  GOTO   0D1
00C5:  XORLW  06
00C6:  BTFSC  03.2
00C7:  GOTO   0D9
00C8:  XORLW  02
00C9:  BTFSC  03.2
00CA:  GOTO   0DF
00CB:  GOTO   0E4
....................    { 
....................       case '\a'   :  lcd_gotoxy(1,1);     break; 
00CC:  MOVLW  01
00CD:  MOVWF  2C
00CE:  MOVWF  2D
00CF:  CALL   0AC
00D0:  GOTO   0E9
....................  
....................       case '\f'   :  lcd_send_byte(0,1); 
00D1:  CLRF   30
00D2:  MOVLW  01
00D3:  MOVWF  31
00D4:  CALL   039
....................                      delay_ms(2); 
00D5:  MOVLW  02
00D6:  MOVWF  2C
00D7:  CALL   012
....................                     #if defined(LCD_EXTENDED_NEWLINE) 
....................                      g_LcdX = 0; 
....................                      g_LcdY = 0; 
....................                     #endif 
....................                      break; 
00D8:  GOTO   0E9
....................  
....................      #if defined(LCD_EXTENDED_NEWLINE) 
....................       case '\r'   :  lcd_gotoxy(1, g_LcdY+1);   break; 
....................       case '\n'   : 
....................          while (g_LcdX++ < LCD_LINE_LENGTH) 
....................          { 
....................             lcd_send_byte(1, ' '); 
....................          } 
....................          lcd_gotoxy(1, g_LcdY+2); 
....................          break; 
....................      #else 
....................       case '\n'   : lcd_gotoxy(1,2);        break; 
00D9:  MOVLW  01
00DA:  MOVWF  2C
00DB:  MOVLW  02
00DC:  MOVWF  2D
00DD:  CALL   0AC
00DE:  GOTO   0E9
....................      #endif 
....................       
....................       case '\b'   : lcd_send_byte(0,0x10);  break; 
00DF:  CLRF   30
00E0:  MOVLW  10
00E1:  MOVWF  31
00E2:  CALL   039
00E3:  GOTO   0E9
....................       
....................      #if defined(LCD_EXTENDED_NEWLINE) 
....................       default     :  
....................          if (g_LcdX < LCD_LINE_LENGTH) 
....................          { 
....................             lcd_send_byte(1, c); 
....................             g_LcdX++; 
....................          } 
....................          break; 
....................      #else 
....................       default     : lcd_send_byte(1,c);     break; 
00E4:  MOVLW  01
00E5:  MOVWF  30
00E6:  MOVF   2B,W
00E7:  MOVWF  31
00E8:  CALL   039
....................      #endif 
....................    } 
00E9:  RETURN
.................... } 
....................   
.................... char lcd_getc(unsigned int8 x, unsigned int8 y) 
.................... { 
....................    char value; 
....................  
....................    lcd_gotoxy(x,y); 
....................    while ( bit_test(lcd_read_byte(),7) ); // wait until busy flag is low 
....................    lcd_output_rs(1); 
....................    value = lcd_read_byte(); 
....................    lcd_output_rs(0); 
....................     
....................    return(value); 
.................... } 
....................  
.................... // write a custom character to the ram 
.................... // which is 0-7 and specifies which character array we are modifying. 
.................... // ptr points to an array of 8 bytes, where each byte is the next row of 
.................... //    pixels.  only bits 0-4 are used.  the last row is the cursor row, and 
.................... //    usually you will want to leave this byte 0x00. 
.................... void lcd_set_cgram_char(unsigned int8 which, unsigned int8 *ptr) 
.................... { 
....................    unsigned int i; 
....................  
....................    which <<= 3; 
....................    which &= 0x38; 
....................  
....................    lcd_send_byte(0, 0x40 | which);  //set cgram address 
....................  
....................    for(i=0; i<8; i++) 
....................    { 
....................       lcd_send_byte(1, *ptr++); 
....................    } 
....................    
....................    #if defined(LCD_EXTENDED_NEWLINE) 
....................     lcd_gotoxy(g_LcdX+1, g_LcdY+1);  //set ddram address 
....................    #endif 
.................... } 
....................  
.................... void lcd_cursor_on(int1 on) 
.................... { 
....................    if (on) 
....................    { 
....................       lcd_send_byte(0,0x0F);           //turn LCD cursor ON 
....................    } 
....................    else 
....................    { 
....................       lcd_send_byte(0,0x0C);           //turn LCD cursor OFF 
....................    } 
.................... } 
....................  
.................... #endif 
....................  
....................  
.................... unsigned long int deger=0; 
....................  
.................... void main() 
*
01A5:  CLRF   21
01A6:  CLRF   20
01A7:  BSF    03.5
01A8:  BSF    1F.0
01A9:  BSF    1F.1
01AA:  BSF    1F.2
01AB:  BCF    1F.3
01AC:  MOVLW  07
01AD:  MOVWF  1C
01AE:  BCF    03.7
01AF:  MOVLW  1F
01B0:  ANDWF  03,F
.................... { 
....................    set_tris_a(0x20); 
01B1:  MOVLW  20
01B2:  MOVWF  05
....................    lcd_init(); 
01B3:  BCF    03.5
01B4:  GOTO   079
....................    setup_adc(adc_clock_div_32); 
01B5:  BSF    03.5
01B6:  BCF    1F.6
01B7:  BCF    03.5
01B8:  BCF    1F.6
01B9:  BSF    1F.7
01BA:  BSF    03.5
01BB:  BCF    1F.7
01BC:  BCF    03.5
01BD:  BSF    1F.0
....................    setup_adc_ports(ALL_ANALOG); 
01BE:  BSF    03.5
01BF:  BCF    1F.0
01C0:  BCF    1F.1
01C1:  BCF    1F.2
01C2:  BCF    1F.3
....................     
....................    set_adc_channel(4); 
01C3:  MOVLW  20
01C4:  MOVWF  78
01C5:  BCF    03.5
01C6:  MOVF   1F,W
01C7:  ANDLW  C7
01C8:  IORWF  78,W
01C9:  MOVWF  1F
....................     
....................    while(TRUE) 
....................    { 
....................       //set_adc_channel(4); 
....................       delay_us(20); 
01CA:  MOVLW  06
01CB:  MOVWF  77
01CC:  DECFSZ 77,F
01CD:  GOTO   1CC
01CE:  NOP
....................       deger=read_adc(); 
01CF:  BSF    1F.2
01D0:  BTFSC  1F.2
01D1:  GOTO   1D0
01D2:  CLRF   21
01D3:  MOVF   1E,W
01D4:  MOVWF  20
....................       printf(lcd_putc,"\fdeger=%lu",deger); 
01D5:  MOVLW  0C
01D6:  BSF    03.6
01D7:  MOVWF  0D
01D8:  MOVLW  00
01D9:  MOVWF  0F
01DA:  BCF    03.0
01DB:  MOVLW  07
01DC:  BCF    03.6
01DD:  MOVWF  22
01DE:  GOTO   0EA
01DF:  MOVLW  10
01E0:  MOVWF  04
01E1:  MOVF   21,W
01E2:  MOVWF  23
01E3:  MOVF   20,W
01E4:  MOVWF  22
01E5:  GOTO   140
....................       delay_ms(100); 
01E6:  MOVLW  64
01E7:  MOVWF  2C
01E8:  CALL   012
01E9:  GOTO   1CA
....................    } 
....................  
.................... } 
01EA:  SLEEP

Configuration Fuses:
   Word  1: 3F39   XT NOWDT NOPUT NOBROWNOUT NOLVP NOCPD NOWRT NODEBUG NOPROTECT
