
ROM used:   491/8192 (6%)
            491/8192 (6%) including unused fragments

            0.4 Average locations per line
            5.2 Average locations per statement

RAM used:   7/368 (2%) at main() level
            26/368 (7%) worst case

Stack used: 0 worst case (0 in main + 0 for interrupts)
Stack size: 8

Lines Stmts  %   Files
----- ----- ---  -----
   33    11  12  16F877A.c
  661     0   0  ..\..\..\..\..\..\..\Program Files (x86)\PICC\Devices\16F877A.h
  456    84  88  ..\..\..\..\..\..\..\Program Files (x86)\PICC\Drivers\lcd.c
----- -----
 1150    95 Total

Page ROM  %  RAM   Vol Diff  Functions:
---- --- --- ---   --- ----  ----------
0     21   4    1             @delay_ms1
0      8   2    0             @const629
 Inline         3   596  5.9  lcd_read_byte
0      6   1    0    59  4.2  lcd_read_nibble
0     12   2    1   179  3.3  lcd_send_nibble
0     64  13    3   460  4.7  lcd_send_byte
0     51  10    2   667  5.9  lcd_init
0     18   4    4   208  6.3  lcd_gotoxy
0     44   9    1   354  4.7  lcd_putc
0     70  14    0   223  2.6  MAIN
0      6   1    0   223  2.6  @const663
0     86  18    5   223  2.6  @PSTRINGCN7_647
0    101  21    9             @PRINTF_LU_647
 Inline         0             @cinit1

Program metrics:
    Functions               10
    Statements              95
    Comments                213
    Volume (V)              5111
    Difficulty (D)          41.3
    Effort to implement (E) 211101
    Time to implement (T)   3 hours, 15 minutes
    Est Delivered Bugs (B)  1
    Cyclomatic Complexity   8
    Maintainability (MI)    140

 Segment     Used  Free
-----------  ----  ----
00000-00003     4  0  
00004-007FF   487  1557  
00800-00FFF     0  2048  
01000-017FF     0  2048  
01800-01FFF     0  2048  



