
ROM used:   1371/8192 (17%)
            1371/8192 (17%) including unused fragments

            1.2 Average locations per line
            12.0 Average locations per statement

RAM used:   11/368 (3%) at main() level
            36/368 (10%) worst case

Stack used: 0 worst case (0 in main + 0 for interrupts)
Stack size: 8

Lines Stmts  %   Files
----- ----- ---  -----
   57    30  26  16F877A.c
  661     0   0  ..\..\..\..\..\..\..\Program Files (x86)\PICC\Devices\16F877A.h
  456    84  74  ..\..\..\..\..\..\..\Program Files (x86)\PICC\Drivers\lcd.c
----- -----
 1174   114 Total

Page ROM  %  RAM   Vol Diff  Functions:
---- --- --- ---   --- ----  ----------
0     21   2    1             @delay_ms1
0      8   1    0             @const629
 Inline         3   596  5.9  lcd_read_byte
0      6   0    0    59  4.2  lcd_read_nibble
0     12   1    1   179  3.3  lcd_send_nibble
0     64   5    3   460  4.7  lcd_send_byte
0     51   4    2   667  5.9  lcd_init
0     18   1    4   208  6.3  lcd_gotoxy
0     44   3    1   354  4.7  lcd_putc
0    191  14    1   861  4.2  MAIN
0     23   2    0             @const664
0     39   3    2             @PSTRINGC_647
0     29   2    2             @ITOF
0    204  15   14             @DIVFF
0     65   5   10             @FLT
0      7   1    0             @const674
0     84   6    5             @PSTRINGCN7_647
 Inline        13             @MULFF
 Inline         5             @FTOSD
0     79   6   13             @DIV3232
0    341  25   13             @PRINTF_L32D_647FPFPF
0      5   0    0             @const688
0     21   2    3             @DIV88
0     55   4    2             @PRINTF_U_647
 Inline         0             @cinit1

Program metrics:
    Functions               8
    Statements              114
    Comments                210
    Volume (V)              5112
    Difficulty (D)          35.6
    Effort to implement (E) 182107
    Time to implement (T)   2 hours, 49 minutes
    Est Delivered Bugs (B)  1
    Cyclomatic Complexity   9
    Maintainability (MI)    144

 Segment     Used  Free
-----------  ----  ----
00000-00003     4  0  
00004-007FF  1367  677  
00800-00FFF     0  2048  
01000-017FF     0  2048  
01800-01FFF     0  2048  



