
ROM used:   1626/8192 (20%)
            1626/8192 (20%) including unused fragments

            1.4 Average locations per line
            14.4 Average locations per statement

RAM used:   26/368 (7%) at main() level
            58/368 (16%) worst case

Stack used: 1 worst case (0 in main + 1 for interrupts)
Stack size: 8

Lines Stmts  %   Files
----- ----- ---  -----
   63    29  26  16F877A.c
  661     0   0  ..\..\..\..\..\..\..\Program Files (x86)\PICC\Devices\16F877A.h
  456    84  74  ..\..\..\..\..\..\..\Program Files (x86)\PICC\Drivers\lcd.c
----- -----
 1180   113 Total

Page ROM  %  RAM   Vol Diff  Functions:
---- --- --- ---   --- ----  ----------
0     21   1    1             @delay_ms1
0      8   0    0             @const629
 Inline         3   596  5.9  lcd_read_byte
0      6   0    0    59  4.2  lcd_read_nibble
0     12   1    1   179  3.3  lcd_send_nibble
0     64   4    3   460  4.7  lcd_send_byte
0     51   3    2   667  5.9  lcd_init
0     18   1    4   208  6.3  lcd_gotoxy
0     44   3    1   354  4.7  lcd_putc
0     94   6    0    90  2.2  sicaklik_kesmesi
 Inline        10   304  3.5  @FLT
0    190  12    4   636  4.6  MAIN
0     31   2    2             @ITOF
0    117   7   13             @MULFF
0    204  13   14             @DIVFF
0    323  20   16             @ADDFF
0      5   0    0             @const680
0     86   5    5             @PSTRINGCN7_647
 Inline         5             @FTOSD
0     79   5   13             @DIV3232
0    226  14   13             @PRINTF_L32D_647FPFPF
 Inline         0             @cinit1

Program metrics:
    Functions               10
    Statements              113
    Comments                211
    Volume (V)              5618
    Difficulty (D)          42.9
    Effort to implement (E) 240782
    Time to implement (T)   3 hours, 43 minutes
    Est Delivered Bugs (B)  1
    Cyclomatic Complexity   9
    Maintainability (MI)    136

 Segment     Used  Free
-----------  ----  ----
00000-00003     4  0  
00004-0002E    43  0  
0002F-007FF  1579  422  
00800-00FFF     0  2048  
01000-017FF     0  2048  
01800-01FFF     0  2048  



