CCS PCM C Compiler, Version 5.007, 61971               19-Nis-24 20:39

               Filename:   C:\Users\Onur\Documents\GitHub\embedded-system_PIC\week-8\w8_5-hafta-tekrar_7segmentdisp_decoder\main.lst

               ROM used:   98 words (1%)
                           Largest free fragment is 2048
               RAM used:   17 (5%) at main() level
                           18 (5%) worst case
               Stack used: 0 locations
               Stack size: 8

*
0000:  MOVLW  00
0001:  MOVWF  0A
0002:  GOTO   01B
0003:  NOP
.................... #include <main.h> 
.................... #include <16F877A.h> 
.................... //////// Standard Header file for the PIC16F877A device //////////////// 
.................... #device PIC16F877A 
....................  
.................... #list 
....................  
.................... #device ADC=16 
....................  
.................... #FUSES NOWDT                 	//No Watch Dog Timer 
.................... #FUSES NOBROWNOUT            	//No brownout reset 
.................... #FUSES NOLVP                 	//No low voltage prgming, B3(PIC16) or B5(PIC18) used for I/O 
....................  
.................... #use delay(crystal=4000000) 
....................  
....................  
.................... #fuses XT,NOWDT,NOPROTECT,NOBROWNOUT,NOLVP,NOPUT,NOWRT,NODEBUG 
....................  
.................... #use delay(clock=4M) 
0004:  MOVLW  2C
0005:  MOVWF  04
0006:  BCF    03.7
0007:  MOVF   00,W
0008:  BTFSC  03.2
0009:  GOTO   018
000A:  MOVLW  01
000B:  MOVWF  78
000C:  CLRF   77
000D:  DECFSZ 77,F
000E:  GOTO   00D
000F:  DECFSZ 78,F
0010:  GOTO   00C
0011:  MOVLW  4A
0012:  MOVWF  77
0013:  DECFSZ 77,F
0014:  GOTO   013
0015:  GOTO   016
0016:  DECFSZ 00,F
0017:  GOTO   00A
0018:  BCF    0A.3
0019:  BCF    0A.4
001A:  GOTO   05B (RETURN)
.................... int sayilar[] = {0x00,0x01,0x02,0x03,0x04,0x05,0x06,0x07,0x08,0x09}; 
*
0025:  BCF    03.5
0026:  CLRF   20
0027:  MOVLW  01
0028:  MOVWF  21
0029:  MOVLW  02
002A:  MOVWF  22
002B:  MOVLW  03
002C:  MOVWF  23
002D:  MOVLW  04
002E:  MOVWF  24
002F:  MOVLW  05
0030:  MOVWF  25
0031:  MOVLW  06
0032:  MOVWF  26
0033:  MOVLW  07
0034:  MOVWF  27
0035:  MOVLW  08
0036:  MOVWF  28
0037:  MOVLW  09
0038:  MOVWF  29
....................  
.................... void main() 
*
001B:  BSF    03.5
001C:  BSF    1F.0
001D:  BSF    1F.1
001E:  BSF    1F.2
001F:  BCF    1F.3
0020:  MOVLW  07
0021:  MOVWF  1C
0022:  BCF    03.7
0023:  MOVLW  1F
0024:  ANDWF  03,F
*
0039:  CLRF   2A
.................... { 
....................    int i=0; 
....................    set_tris_a(0x00); 
003A:  MOVLW  00
003B:  BSF    03.5
003C:  MOVWF  05
....................    set_tris_b(0x00); 
003D:  MOVWF  06
....................    output_b(0x00); 
003E:  CLRF   06
003F:  BCF    03.5
0040:  CLRF   06
....................    output_a(0x04); 
0041:  BSF    03.5
0042:  CLRF   05
0043:  MOVLW  04
0044:  BCF    03.5
0045:  MOVWF  05
....................     
....................     
....................    while(TRUE) 
....................    { 
....................       for(i=0;i<10;i++){ 
0046:  CLRF   2A
0047:  MOVF   2A,W
0048:  SUBLW  09
0049:  BTFSS  03.0
004A:  GOTO   05F
....................       output_b(sayilar[i]); 
004B:  MOVLW  20
004C:  ADDWF  2A,W
004D:  MOVWF  04
004E:  BCF    03.7
004F:  MOVF   00,W
0050:  MOVWF  2B
0051:  BSF    03.5
0052:  CLRF   06
0053:  BCF    03.5
0054:  MOVF   2B,W
0055:  MOVWF  06
....................       delay_ms(500); 
0056:  MOVLW  02
0057:  MOVWF  2B
0058:  MOVLW  FA
0059:  MOVWF  2C
005A:  GOTO   004
005B:  DECFSZ 2B,F
005C:  GOTO   058
005D:  INCF   2A,F
005E:  GOTO   047
....................        
....................       } 
....................       i=0; 
005F:  CLRF   2A
0060:  GOTO   046
....................    } 
....................  
.................... } 
0061:  SLEEP

Configuration Fuses:
   Word  1: 3F39   XT NOWDT NOPUT NOBROWNOUT NOLVP NOCPD NOWRT NODEBUG NOPROTECT
