
ROM used:   97/8192 (1%)
            97/8192 (1%) including unused fragments

            0.1 Average locations per line
            4.4 Average locations per statement

RAM used:   6/368 (2%) at main() level
            8/368 (2%) worst case

Stack used: 0 worst case (0 in main + 0 for interrupts)
Stack size: 8

Lines Stmts  %   Files
----- ----- ---  -----
   43    22 100  main.c
   10     0   0  main.h
  661     0   0  ..\..\..\..\..\..\..\Program Files (x86)\PICC\Devices\16F877A.h
----- -----
  714    22 Total

Page ROM  %  RAM   Vol Diff  Functions:
---- --- --- ---   --- ----  ----------
0     21  22    1             @delay_ms2
0     72  74    1   491  4.8  main
 Inline         0             @cinit1

Program metrics:
    Functions               1
    Statements              22
    Comments                117
    Volume (V)              496
    Difficulty (D)          4.5
    Effort to implement (E) 2244
    Time to implement (T)   2 minutes
    Est Delivered Bugs (B)  0
    Cyclomatic Complexity   4
    Maintainability (MI)    44

 Segment     Used  Free
-----------  ----  ----
00000-00003     4  0  
00004-007FF    93  1951  
00800-00FFF     0  2048  
01000-017FF     0  2048  
01800-01FFF     0  2048  



