CCS PCM C Compiler, Version 5.007, 61971               11-Nis-24 17:27

               Filename:   C:\Users\Onur\Documents\GitHub\embedded-system_PIC\week-6\w6_2_lcd\main.lst

               ROM used:   557 words (7%)
                           Largest free fragment is 2048
               RAM used:   8 (2%) at main() level
                           23 (6%) worst case
               Stack used: 0 locations
               Stack size: 8

*
0000:  MOVLW  01
0001:  MOVWF  0A
0002:  GOTO   1C0
0003:  NOP
.................... #include <main.h> 
.................... #include <16F877A.h> 
.................... //////// Standard Header file for the PIC16F877A device //////////////// 
.................... #device PIC16F877A 
0004:  BCF    0A.0
0005:  BCF    0A.1
0006:  BCF    0A.2
0007:  ADDWF  02,F
0008:  RETLW  28
0009:  RETLW  0C
000A:  RETLW  01
000B:  RETLW  06
000C:  DATA C4,22
000D:  DATA CE,22
000E:  DATA CD,22
000F:  DATA 00,00
0010:  DATA 0A,2A
0011:  DATA C5,29
0012:  DATA 54,00
0013:  DATA C8,37
0014:  DATA F3,33
0015:  DATA 65,36
0016:  DATA E4,34
0017:  DATA EE,34
0018:  DATA 7A,00
*
00F3:  MOVF   0B,W
00F4:  MOVWF  22
00F5:  BCF    0B.7
00F6:  BSF    03.5
00F7:  BSF    03.6
00F8:  BSF    0C.7
00F9:  BSF    0C.0
00FA:  NOP
00FB:  NOP
00FC:  BCF    03.5
00FD:  MOVF   0C,W
00FE:  ANDLW  7F
00FF:  BTFSC  03.2
0100:  GOTO   13A
0101:  BCF    03.6
0102:  MOVWF  23
0103:  BSF    03.6
0104:  MOVF   0D,W
0105:  BCF    03.6
0106:  MOVWF  24
0107:  BSF    03.6
0108:  MOVF   0F,W
0109:  BCF    03.6
010A:  MOVWF  25
010B:  MOVF   23,W
010C:  MOVWF  28
010D:  CALL   0C7
010E:  MOVF   24,W
010F:  BSF    03.6
0110:  MOVWF  0D
0111:  BCF    03.6
0112:  MOVF   25,W
0113:  BSF    03.6
0114:  MOVWF  0F
0115:  BSF    03.5
0116:  BSF    0C.7
0117:  BSF    0C.0
0118:  NOP
0119:  NOP
011A:  BCF    03.5
011B:  RLF    0C,W
011C:  RLF    0E,W
011D:  ANDLW  7F
011E:  BTFSC  03.2
011F:  GOTO   13A
0120:  BCF    03.6
0121:  MOVWF  23
0122:  BSF    03.6
0123:  MOVF   0D,W
0124:  BCF    03.6
0125:  MOVWF  24
0126:  BSF    03.6
0127:  MOVF   0F,W
0128:  BCF    03.6
0129:  MOVWF  25
012A:  MOVF   23,W
012B:  MOVWF  28
012C:  CALL   0C7
012D:  MOVF   24,W
012E:  BSF    03.6
012F:  MOVWF  0D
0130:  BCF    03.6
0131:  MOVF   25,W
0132:  BSF    03.6
0133:  MOVWF  0F
0134:  INCF   0D,F
0135:  BTFSC  03.2
0136:  INCF   0F,F
0137:  BCF    03.6
0138:  GOTO   0F6
0139:  BSF    03.6
013A:  BCF    03.6
013B:  BTFSC  22.7
013C:  BSF    0B.7
013D:  RETURN
013E:  MOVF   29,W
013F:  CLRF   78
0140:  SUBWF  28,W
0141:  BTFSC  03.0
0142:  GOTO   146
0143:  MOVF   28,W
0144:  MOVWF  77
0145:  GOTO   152
0146:  CLRF   77
0147:  MOVLW  08
0148:  MOVWF  2A
0149:  RLF    28,F
014A:  RLF    77,F
014B:  MOVF   29,W
014C:  SUBWF  77,W
014D:  BTFSC  03.0
014E:  MOVWF  77
014F:  RLF    78,F
0150:  DECFSZ 2A,F
0151:  GOTO   149
0152:  RETURN
0153:  MOVLW  20
0154:  BTFSS  23.4
0155:  MOVLW  30
0156:  MOVWF  24
0157:  MOVF   22,W
0158:  MOVWF  77
0159:  BTFSS  22.7
015A:  GOTO   163
015B:  COMF   77,F
015C:  INCF   77,F
015D:  MOVF   77,W
015E:  MOVWF  22
015F:  MOVLW  2D
0160:  MOVWF  24
0161:  BSF    23.7
0162:  BSF    23.0
0163:  MOVF   22,W
0164:  MOVWF  28
0165:  MOVLW  64
0166:  MOVWF  29
0167:  CALL   13E
0168:  MOVF   77,W
0169:  MOVWF  22
016A:  MOVLW  30
016B:  ADDWF  78,W
016C:  MOVWF  25
016D:  MOVF   22,W
016E:  MOVWF  28
016F:  MOVLW  0A
0170:  MOVWF  29
0171:  CALL   13E
0172:  MOVLW  30
0173:  ADDWF  77,W
0174:  MOVWF  27
0175:  MOVLW  30
0176:  ADDWF  78,W
0177:  MOVWF  26
0178:  MOVF   24,W
0179:  MOVWF  77
017A:  MOVLW  30
017B:  SUBWF  25,W
017C:  BTFSC  03.2
017D:  GOTO   182
017E:  BSF    23.1
017F:  BTFSC  23.7
0180:  BSF    23.2
0181:  GOTO   196
0182:  MOVF   24,W
0183:  MOVWF  25
0184:  MOVLW  20
0185:  MOVWF  24
0186:  MOVLW  30
0187:  SUBWF  26,W
0188:  BTFSC  03.2
0189:  GOTO   18E
018A:  BSF    23.0
018B:  BTFSC  23.7
018C:  BSF    23.1
018D:  GOTO   196
018E:  BTFSS  03.2
018F:  BSF    23.0
0190:  BTFSS  03.2
0191:  GOTO   196
0192:  MOVF   25,W
0193:  MOVWF  26
0194:  MOVLW  20
0195:  MOVWF  25
0196:  BTFSC  23.2
0197:  GOTO   19D
0198:  BTFSC  23.1
0199:  GOTO   1A0
019A:  BTFSC  23.0
019B:  GOTO   1A3
019C:  GOTO   1A6
019D:  MOVF   24,W
019E:  MOVWF  28
019F:  CALL   0C7
01A0:  MOVF   25,W
01A1:  MOVWF  28
01A2:  CALL   0C7
01A3:  MOVF   26,W
01A4:  MOVWF  28
01A5:  CALL   0C7
01A6:  MOVF   27,W
01A7:  MOVWF  28
01A8:  CALL   0C7
01A9:  BCF    0A.3
01AA:  BCF    0A.4
01AB:  GOTO   1F4 (RETURN)
....................  
.................... #list 
....................  
.................... #device ADC=16 
....................  
.................... #FUSES NOWDT                 	//No Watch Dog Timer 
.................... #FUSES NOBROWNOUT            	//No brownout reset 
.................... #FUSES NOLVP                 	//No low voltage prgming, B3(PIC16) or B5(PIC18) used for I/O 
....................  
.................... #use delay(crystal=4000000) 
....................  
....................  
.................... #fuses XT,NOWDT,NOPROTECT,NOBROWNOUT,NOLVP,NOPUT,NOWRT,NODEBUG 
....................  
.................... #use delay(clock=4M) 
*
0019:  MOVLW  29
001A:  MOVWF  04
001B:  BCF    03.7
001C:  MOVF   00,W
001D:  BTFSC  03.2
001E:  GOTO   02D
001F:  MOVLW  01
0020:  MOVWF  78
0021:  CLRF   77
0022:  DECFSZ 77,F
0023:  GOTO   022
0024:  DECFSZ 78,F
0025:  GOTO   021
0026:  MOVLW  4A
0027:  MOVWF  77
0028:  DECFSZ 77,F
0029:  GOTO   028
002A:  GOTO   02B
002B:  DECFSZ 00,F
002C:  GOTO   01F
002D:  RETURN
....................  
.................... //#define use_portb_lcd TRUE 
.................... //port d kullandigimiz icin bu ifadeye gerek yok , DEFAUL deger PORT D 
....................  
.................... #include <lcd.c> 
.................... /////////////////////////////////////////////////////////////////////////////// 
.................... ////                             LCD.C                                     //// 
.................... ////                 Driver for common LCD modules                         //// 
.................... ////                                                                       //// 
.................... ////  lcd_init()   Must be called before any other function.               //// 
.................... ////                                                                       //// 
.................... ////  lcd_putc(c)  Will display c on the next position of the LCD.         //// 
.................... ////                 \a  Set cursor position to upper left                 //// 
.................... ////                 \f  Clear display, set cursor to upper left           //// 
.................... ////                 \n  Go to start of second line                        //// 
.................... ////                 \b  Move back one position                            //// 
.................... ////              If LCD_EXTENDED_NEWLINE is defined, the \n character     //// 
.................... ////              will erase all remanining characters on the current      //// 
.................... ////              line, and move the cursor to the beginning of the next   //// 
.................... ////              line.                                                    //// 
.................... ////              If LCD_EXTENDED_NEWLINE is defined, the \r character     //// 
.................... ////              will move the cursor to the start of the current         //// 
.................... ////              line.                                                    //// 
.................... ////                                                                       //// 
.................... ////  lcd_gotoxy(x,y) Set write position on LCD (upper left is 1,1)        //// 
.................... ////                                                                       //// 
.................... ////  lcd_getc(x,y)   Returns character at position x,y on LCD             //// 
.................... ////                                                                       //// 
.................... ////  lcd_cursor_on(int1 on)   Turn the cursor on (on=TRUE) or off         //// 
.................... ////              (on=FALSE).                                              //// 
.................... ////                                                                       //// 
.................... ////  lcd_set_cgram_char(w, *p)   Write a custom character to the CGRAM.   //// 
.................... ////                                                                       //// 
.................... ////                                                                       //// 
.................... ////  CONFIGURATION                                                        //// 
.................... ////  The LCD can be configured in one of two ways: a.) port access or     //// 
.................... ////  b.) pin access.  Port access requires the entire 7 bit interface     //// 
.................... ////  connected to one GPIO port, and the data bits (D4:D7 of the LCD)     //// 
.................... ////  connected to sequential pins on the GPIO.  Pin access                //// 
.................... ////  has no requirements, all 7 bits of the control interface can         //// 
.................... ////  can be connected to any GPIO using several ports.                    //// 
.................... ////                                                                       //// 
.................... ////  To use port access, #define LCD_DATA_PORT to the SFR location of     //// 
.................... ////  of the GPIO port that holds the interface, -AND- edit LCD_PIN_MAP    //// 
.................... ////  of this file to configure the pin order.  If you are using a         //// 
.................... ////  baseline PIC (PCB), then LCD_OUTPUT_MAP and LCD_INPUT_MAP also must  //// 
.................... ////  be defined.                                                          //// 
.................... ////                                                                       //// 
.................... ////  Example of port access:                                              //// 
.................... ////     #define LCD_DATA_PORT getenv("SFR:PORTD")                         //// 
.................... ////                                                                       //// 
.................... ////  To use pin access, the following pins must be defined:               //// 
.................... ////     LCD_ENABLE_PIN                                                    //// 
.................... ////     LCD_RS_PIN                                                        //// 
.................... ////     LCD_RW_PIN                                                        //// 
.................... ////     LCD_DATA4                                                         //// 
.................... ////     LCD_DATA5                                                         //// 
.................... ////     LCD_DATA6                                                         //// 
.................... ////     LCD_DATA7                                                         //// 
.................... ////                                                                       //// 
.................... ////  Example of pin access:                                               //// 
.................... ////     #define LCD_ENABLE_PIN  PIN_E0                                    //// 
.................... ////     #define LCD_RS_PIN      PIN_E1                                    //// 
.................... ////     #define LCD_RW_PIN      PIN_E2                                    //// 
.................... ////     #define LCD_DATA4       PIN_D4                                    //// 
.................... ////     #define LCD_DATA5       PIN_D5                                    //// 
.................... ////     #define LCD_DATA6       PIN_D6                                    //// 
.................... ////     #define LCD_DATA7       PIN_D7                                    //// 
.................... ////                                                                       //// 
.................... /////////////////////////////////////////////////////////////////////////////// 
.................... ////        (C) Copyright 1996,2010 Custom Computer Services           //// 
.................... //// This source code may only be used by licensed users of the CCS C  //// 
.................... //// compiler.  This source code may only be distributed to other      //// 
.................... //// licensed users of the CCS C compiler.  No other use, reproduction //// 
.................... //// or distribution is permitted without written permission.          //// 
.................... //// Derivative programs created using this software in object code    //// 
.................... //// form are not restricted in any way.                               //// 
.................... /////////////////////////////////////////////////////////////////////////// 
....................  
.................... #ifndef __LCD_C__ 
.................... #define __LCD_C__ 
....................  
.................... // define the pinout. 
.................... // only required if port access is being used. 
.................... typedef struct   
.................... {                            // This structure is overlayed 
....................    int1 enable;           // on to an I/O port to gain 
....................    int1 rs;               // access to the LCD pins. 
....................    int1 rw;               // The bits are allocated from 
....................    int1 unused;           // low order up.  ENABLE will 
....................    unsigned int     data : 4;         // be LSB pin of that port. 
....................   #if defined(__PCD__)       // The port used will be LCD_DATA_PORT. 
....................    unsigned int    reserved: 8; 
....................   #endif 
.................... } LCD_PIN_MAP; 
....................  
.................... // this is to improve compatability with previous LCD drivers that accepted 
.................... // a define labeled 'use_portb_lcd' that configured the LCD onto port B. 
.................... #if ((defined(use_portb_lcd)) && (use_portb_lcd==TRUE)) 
....................  #define LCD_DATA_PORT getenv("SFR:PORTB") 
.................... #endif 
....................  
.................... #if defined(__PCB__) 
....................    // these definitions only need to be modified for baseline PICs. 
....................    // all other PICs use LCD_PIN_MAP or individual LCD_xxx pin definitions. 
.................... /*                                    EN, RS,   RW,   UNUSED,  DATA  */ 
....................  const LCD_PIN_MAP LCD_OUTPUT_MAP =  {0,  0,    0,    0,       0}; 
....................  const LCD_PIN_MAP LCD_INPUT_MAP =   {0,  0,    0,    0,       0xF}; 
.................... #endif 
....................  
.................... ////////////////////// END CONFIGURATION /////////////////////////////////// 
....................  
.................... #ifndef LCD_ENABLE_PIN 
....................    #define lcd_output_enable(x) lcdlat.enable=x 
....................    #define lcd_enable_tris()   lcdtris.enable=0 
.................... #else 
....................    #define lcd_output_enable(x) output_bit(LCD_ENABLE_PIN, x) 
....................    #define lcd_enable_tris()  output_drive(LCD_ENABLE_PIN) 
.................... #endif 
....................  
.................... #ifndef LCD_RS_PIN 
....................    #define lcd_output_rs(x) lcdlat.rs=x 
....................    #define lcd_rs_tris()   lcdtris.rs=0 
.................... #else 
....................    #define lcd_output_rs(x) output_bit(LCD_RS_PIN, x) 
....................    #define lcd_rs_tris()  output_drive(LCD_RS_PIN) 
.................... #endif 
....................  
.................... #ifndef LCD_RW_PIN 
....................    #define lcd_output_rw(x) lcdlat.rw=x 
....................    #define lcd_rw_tris()   lcdtris.rw=0 
.................... #else 
....................    #define lcd_output_rw(x) output_bit(LCD_RW_PIN, x) 
....................    #define lcd_rw_tris()  output_drive(LCD_RW_PIN) 
.................... #endif 
....................  
.................... // original version of this library incorrectly labeled LCD_DATA0 as LCD_DATA4, 
.................... // LCD_DATA1 as LCD_DATA5, and so on.  this block of code makes the driver 
.................... // compatible with any code written for the original library 
.................... #if (defined(LCD_DATA0) && defined(LCD_DATA1) && defined(LCD_DATA2) && defined(LCD_DATA3) && !defined(LCD_DATA4) && !defined(LCD_DATA5) && !defined(LCD_DATA6) && !defined(LCD_DATA7)) 
....................    #define  LCD_DATA4    LCD_DATA0 
....................    #define  LCD_DATA5    LCD_DATA1 
....................    #define  LCD_DATA6    LCD_DATA2 
....................    #define  LCD_DATA7    LCD_DATA3 
.................... #endif 
....................  
.................... #ifndef LCD_DATA4 
.................... #ifndef LCD_DATA_PORT 
....................    #if defined(__PCB__) 
....................       #define LCD_DATA_PORT      0x06     //portb 
....................       #define set_tris_lcd(x)   set_tris_b(x) 
....................    #else 
....................      #if defined(PIN_D0) 
....................       #define LCD_DATA_PORT      getenv("SFR:PORTD")     //portd 
....................      #else 
....................       #define LCD_DATA_PORT      getenv("SFR:PORTB")     //portb 
....................      #endif 
....................    #endif    
.................... #endif 
....................  
.................... #if defined(__PCB__) 
....................    LCD_PIN_MAP lcd, lcdlat; 
....................    #byte lcd = LCD_DATA_PORT 
....................    #byte lcdlat = LCD_DATA_PORT 
.................... #elif defined(__PCM__) 
....................    LCD_PIN_MAP lcd, lcdlat, lcdtris; 
....................    #byte lcd = LCD_DATA_PORT 
....................    #byte lcdlat = LCD_DATA_PORT 
....................    #byte lcdtris = LCD_DATA_PORT+0x80 
.................... #elif defined(__PCH__) 
....................    LCD_PIN_MAP lcd, lcdlat, lcdtris; 
....................    #byte lcd = LCD_DATA_PORT 
....................    #byte lcdlat = LCD_DATA_PORT+9 
....................    #byte lcdtris = LCD_DATA_PORT+0x12 
.................... #elif defined(__PCD__) 
....................    LCD_PIN_MAP lcd, lcdlat, lcdtris; 
....................    #word lcd = LCD_DATA_PORT 
....................    #word lcdlat = LCD_DATA_PORT+2 
....................    #word lcdtris = LCD_DATA_PORT-0x02 
.................... #endif 
.................... #endif   //LCD_DATA4 not defined 
....................  
.................... #ifndef LCD_TYPE 
....................    #define LCD_TYPE 2           // 0=5x7, 1=5x10, 2=2 lines 
.................... #endif 
....................  
.................... #ifndef LCD_LINE_TWO 
....................    #define LCD_LINE_TWO 0x40    // LCD RAM address for the second line 
.................... #endif 
....................  
.................... #ifndef LCD_LINE_LENGTH 
....................    #define LCD_LINE_LENGTH 20 
.................... #endif 
....................  
.................... unsigned int8 const LCD_INIT_STRING[4] = {0x20 | (LCD_TYPE << 2), 0xc, 1, 6}; 
....................                              // These bytes need to be sent to the LCD 
....................                              // to start it up. 
....................  
.................... unsigned int8 lcd_read_nibble(void); 
....................  
.................... unsigned int8 lcd_read_byte(void) 
.................... { 
....................    unsigned int8 low,high; 
....................  
....................  #if defined(__PCB__) 
....................    set_tris_lcd(LCD_INPUT_MAP); 
....................  #else 
....................   #if (defined(LCD_DATA4) && defined(LCD_DATA5) && defined(LCD_DATA6) && defined(LCD_DATA7)) 
....................    output_float(LCD_DATA4); 
....................    output_float(LCD_DATA5); 
....................    output_float(LCD_DATA6); 
....................    output_float(LCD_DATA7); 
....................   #else 
....................    lcdtris.data = 0xF; 
*
0040:  MOVLW  0F
0041:  BSF    03.5
0042:  ANDWF  08,W
0043:  IORLW  F0
0044:  MOVWF  08
....................   #endif 
....................  #endif 
....................          
....................    lcd_output_rw(1); 
0045:  BCF    03.5
0046:  BSF    08.2
....................    delay_cycles(1); 
0047:  NOP
....................    lcd_output_enable(1); 
0048:  BSF    08.0
....................    delay_cycles(1); 
0049:  NOP
....................    high = lcd_read_nibble(); 
004A:  CALL   03A
004B:  MOVF   78,W
004C:  MOVWF  30
....................        
....................    lcd_output_enable(0); 
004D:  BCF    08.0
....................    delay_cycles(1); 
004E:  NOP
....................    lcd_output_enable(1); 
004F:  BSF    08.0
....................    delay_us(1); 
0050:  NOP
....................    low = lcd_read_nibble(); 
0051:  CALL   03A
0052:  MOVF   78,W
0053:  MOVWF  2F
....................        
....................    lcd_output_enable(0); 
0054:  BCF    08.0
....................  
....................  #if defined(__PCB__) 
....................    set_tris_lcd(LCD_OUTPUT_MAP); 
....................  #else 
....................   #if (defined(LCD_DATA4) && defined(LCD_DATA5) && defined(LCD_DATA6) && defined(LCD_DATA7)) 
....................    output_drive(LCD_DATA4); 
....................    output_drive(LCD_DATA5); 
....................    output_drive(LCD_DATA6); 
....................    output_drive(LCD_DATA7); 
....................   #else 
....................    lcdtris.data = 0x0; 
0055:  MOVLW  0F
0056:  BSF    03.5
0057:  ANDWF  08,W
0058:  MOVWF  08
....................   #endif 
....................  #endif 
....................  
....................    return( (high<<4) | low); 
0059:  BCF    03.5
005A:  SWAPF  30,W
005B:  MOVWF  77
005C:  MOVLW  F0
005D:  ANDWF  77,F
005E:  MOVF   77,W
005F:  IORWF  2F,W
0060:  MOVWF  78
0061:  RETURN
.................... } 
....................  
.................... unsigned int8 lcd_read_nibble(void) 
.................... { 
....................   #if (defined(LCD_DATA4) && defined(LCD_DATA5) && defined(LCD_DATA6) && defined(LCD_DATA7)) 
....................    unsigned int8 n = 0x00; 
....................  
....................    /* Read the data port */ 
....................    n |= input(LCD_DATA4); 
....................    n |= input(LCD_DATA5) << 1; 
....................    n |= input(LCD_DATA6) << 2; 
....................    n |= input(LCD_DATA7) << 3; 
....................     
....................    return(n); 
....................   #else 
....................    return(lcd.data); 
*
003A:  MOVF   08,W
003B:  MOVWF  77
003C:  SWAPF  08,W
003D:  ANDLW  0F
003E:  MOVWF  78
....................   #endif 
003F:  RETURN
.................... } 
....................  
.................... void lcd_send_nibble(unsigned int8 n) 
.................... { 
....................   #if (defined(LCD_DATA4) && defined(LCD_DATA5) && defined(LCD_DATA6) && defined(LCD_DATA7)) 
....................    /* Write to the data port */ 
....................    output_bit(LCD_DATA4, bit_test(n, 0)); 
....................    output_bit(LCD_DATA5, bit_test(n, 1)); 
....................    output_bit(LCD_DATA6, bit_test(n, 2)); 
....................    output_bit(LCD_DATA7, bit_test(n, 3)); 
....................   #else       
....................    lcdlat.data = n; 
*
002E:  SWAPF  30,W
002F:  ANDLW  F0
0030:  MOVWF  77
0031:  MOVLW  0F
0032:  ANDWF  08,W
0033:  IORWF  77,W
0034:  MOVWF  08
....................   #endif 
....................        
....................    delay_cycles(1); 
0035:  NOP
....................    lcd_output_enable(1); 
0036:  BSF    08.0
....................    delay_us(2); 
0037:  GOTO   038
....................    lcd_output_enable(0); 
0038:  BCF    08.0
0039:  RETURN
.................... } 
....................  
.................... void lcd_send_byte(unsigned int8 address, unsigned int8 n) 
.................... { 
....................   #if defined(__PCB__) 
....................    set_tris_lcd(LCD_OUTPUT_MAP); 
....................   #else 
....................    lcd_enable_tris(); 
*
0062:  BSF    03.5
0063:  BCF    08.0
....................    lcd_rs_tris(); 
0064:  BCF    08.1
....................    lcd_rw_tris(); 
0065:  BCF    08.2
....................   #endif 
....................  
....................    lcd_output_rs(0); 
0066:  BCF    03.5
0067:  BCF    08.1
....................    while ( bit_test(lcd_read_byte(),7) ) ; 
0068:  CALL   040
0069:  MOVF   78,W
006A:  MOVWF  2F
006B:  BTFSC  2F.7
006C:  GOTO   068
....................    lcd_output_rs(address); 
006D:  BTFSS  2D.0
006E:  BCF    08.1
006F:  BTFSC  2D.0
0070:  BSF    08.1
....................    delay_cycles(1); 
0071:  NOP
....................    lcd_output_rw(0); 
0072:  BCF    08.2
....................    delay_cycles(1); 
0073:  NOP
....................    lcd_output_enable(0); 
0074:  BCF    08.0
....................    lcd_send_nibble(n >> 4); 
0075:  SWAPF  2E,W
0076:  MOVWF  2F
0077:  MOVLW  0F
0078:  ANDWF  2F,F
0079:  MOVF   2F,W
007A:  MOVWF  30
007B:  CALL   02E
....................    lcd_send_nibble(n & 0xf); 
007C:  MOVF   2E,W
007D:  ANDLW  0F
007E:  MOVWF  2F
007F:  MOVWF  30
0080:  CALL   02E
0081:  RETURN
.................... } 
....................  
.................... #if defined(LCD_EXTENDED_NEWLINE) 
.................... unsigned int8 g_LcdX, g_LcdY; 
.................... #endif 
....................  
.................... void lcd_init(void)  
.................... { 
....................    unsigned int8 i; 
....................  
....................  #if defined(__PCB__) 
....................    set_tris_lcd(LCD_OUTPUT_MAP); 
....................  #else 
....................   #if (defined(LCD_DATA4) && defined(LCD_DATA5) && defined(LCD_DATA6) && defined(LCD_DATA7)) 
....................    output_drive(LCD_DATA4); 
....................    output_drive(LCD_DATA5); 
....................    output_drive(LCD_DATA6); 
....................    output_drive(LCD_DATA7); 
....................   #else 
....................    lcdtris.data = 0x0; 
0082:  MOVLW  0F
0083:  BSF    03.5
0084:  ANDWF  08,W
0085:  MOVWF  08
....................   #endif 
....................    lcd_enable_tris(); 
0086:  BCF    08.0
....................    lcd_rs_tris(); 
0087:  BCF    08.1
....................    lcd_rw_tris(); 
0088:  BCF    08.2
....................  #endif 
....................  
....................    lcd_output_rs(0); 
0089:  BCF    03.5
008A:  BCF    08.1
....................    lcd_output_rw(0); 
008B:  BCF    08.2
....................    lcd_output_enable(0); 
008C:  BCF    08.0
....................      
....................    delay_ms(15); 
008D:  MOVLW  0F
008E:  MOVWF  29
008F:  CALL   019
....................    for(i=1;i<=3;++i) 
0090:  MOVLW  01
0091:  MOVWF  22
0092:  MOVF   22,W
0093:  SUBLW  03
0094:  BTFSS  03.0
0095:  GOTO   09E
....................    { 
....................        lcd_send_nibble(3); 
0096:  MOVLW  03
0097:  MOVWF  30
0098:  CALL   02E
....................        delay_ms(5); 
0099:  MOVLW  05
009A:  MOVWF  29
009B:  CALL   019
009C:  INCF   22,F
009D:  GOTO   092
....................    } 
....................     
....................    lcd_send_nibble(2); 
009E:  MOVLW  02
009F:  MOVWF  30
00A0:  CALL   02E
....................    delay_ms(5); 
00A1:  MOVLW  05
00A2:  MOVWF  29
00A3:  CALL   019
....................    for(i=0;i<=3;++i) 
00A4:  CLRF   22
00A5:  MOVF   22,W
00A6:  SUBLW  03
00A7:  BTFSS  03.0
00A8:  GOTO   0B2
....................       lcd_send_byte(0,LCD_INIT_STRING[i]); 
00A9:  MOVF   22,W
00AA:  CALL   004
00AB:  MOVWF  23
00AC:  CLRF   2D
00AD:  MOVF   23,W
00AE:  MOVWF  2E
00AF:  CALL   062
....................  
....................   #if defined(LCD_EXTENDED_NEWLINE) 
00B0:  INCF   22,F
00B1:  GOTO   0A5
00B2:  BCF    0A.3
00B3:  BCF    0A.4
00B4:  GOTO   1CE (RETURN)
....................    g_LcdX = 0; 
....................    g_LcdY = 0; 
....................   #endif 
.................... } 
....................  
.................... void lcd_gotoxy(unsigned int8 x, unsigned int8 y) 
.................... { 
....................    unsigned int8 address; 
....................     
....................    if(y!=1) 
00B5:  DECFSZ 2A,W
00B6:  GOTO   0B8
00B7:  GOTO   0BB
....................       address=LCD_LINE_TWO; 
00B8:  MOVLW  40
00B9:  MOVWF  2B
00BA:  GOTO   0BC
....................    else 
....................       address=0; 
00BB:  CLRF   2B
....................       
....................    address+=x-1; 
00BC:  MOVLW  01
00BD:  SUBWF  29,W
00BE:  ADDWF  2B,F
....................    lcd_send_byte(0,0x80|address); 
00BF:  MOVF   2B,W
00C0:  IORLW  80
00C1:  MOVWF  2C
00C2:  CLRF   2D
00C3:  MOVF   2C,W
00C4:  MOVWF  2E
00C5:  CALL   062
....................  
....................   #if defined(LCD_EXTENDED_NEWLINE) 
00C6:  RETURN
....................    g_LcdX = x - 1; 
....................    g_LcdY = y - 1; 
....................   #endif 
.................... } 
....................  
.................... void lcd_putc(char c) 
.................... { 
....................    switch (c) 
00C7:  MOVF   28,W
00C8:  XORLW  07
00C9:  BTFSC  03.2
00CA:  GOTO   0D5
00CB:  XORLW  0B
00CC:  BTFSC  03.2
00CD:  GOTO   0DA
00CE:  XORLW  06
00CF:  BTFSC  03.2
00D0:  GOTO   0E2
00D1:  XORLW  02
00D2:  BTFSC  03.2
00D3:  GOTO   0E8
00D4:  GOTO   0ED
....................    { 
....................       case '\a'   :  lcd_gotoxy(1,1);     break; 
00D5:  MOVLW  01
00D6:  MOVWF  29
00D7:  MOVWF  2A
00D8:  CALL   0B5
00D9:  GOTO   0F2
....................  
....................       case '\f'   :  lcd_send_byte(0,1); 
00DA:  CLRF   2D
00DB:  MOVLW  01
00DC:  MOVWF  2E
00DD:  CALL   062
....................                      delay_ms(2); 
00DE:  MOVLW  02
00DF:  MOVWF  29
00E0:  CALL   019
....................                     #if defined(LCD_EXTENDED_NEWLINE) 
....................                      g_LcdX = 0; 
....................                      g_LcdY = 0; 
....................                     #endif 
....................                      break; 
00E1:  GOTO   0F2
....................  
....................      #if defined(LCD_EXTENDED_NEWLINE) 
....................       case '\r'   :  lcd_gotoxy(1, g_LcdY+1);   break; 
....................       case '\n'   : 
....................          while (g_LcdX++ < LCD_LINE_LENGTH) 
....................          { 
....................             lcd_send_byte(1, ' '); 
....................          } 
....................          lcd_gotoxy(1, g_LcdY+2); 
....................          break; 
....................      #else 
....................       case '\n'   : lcd_gotoxy(1,2);        break; 
00E2:  MOVLW  01
00E3:  MOVWF  29
00E4:  MOVLW  02
00E5:  MOVWF  2A
00E6:  CALL   0B5
00E7:  GOTO   0F2
....................      #endif 
....................       
....................       case '\b'   : lcd_send_byte(0,0x10);  break; 
00E8:  CLRF   2D
00E9:  MOVLW  10
00EA:  MOVWF  2E
00EB:  CALL   062
00EC:  GOTO   0F2
....................       
....................      #if defined(LCD_EXTENDED_NEWLINE) 
....................       default     :  
....................          if (g_LcdX < LCD_LINE_LENGTH) 
....................          { 
....................             lcd_send_byte(1, c); 
....................             g_LcdX++; 
....................          } 
....................          break; 
....................      #else 
....................       default     : lcd_send_byte(1,c);     break; 
00ED:  MOVLW  01
00EE:  MOVWF  2D
00EF:  MOVF   28,W
00F0:  MOVWF  2E
00F1:  CALL   062
....................      #endif 
....................    } 
00F2:  RETURN
.................... } 
....................   
.................... char lcd_getc(unsigned int8 x, unsigned int8 y) 
.................... { 
....................    char value; 
....................  
....................    lcd_gotoxy(x,y); 
*
01AC:  MOVF   22,W
01AD:  MOVWF  29
01AE:  MOVF   23,W
01AF:  MOVWF  2A
01B0:  CALL   0B5
....................    while ( bit_test(lcd_read_byte(),7) ); // wait until busy flag is low 
01B1:  CALL   040
01B2:  MOVF   78,W
01B3:  MOVWF  25
01B4:  BTFSC  25.7
01B5:  GOTO   1B1
....................    lcd_output_rs(1); 
01B6:  BSF    08.1
....................    value = lcd_read_byte(); 
01B7:  CALL   040
01B8:  MOVF   78,W
01B9:  MOVWF  24
....................    lcd_output_rs(0); 
01BA:  BCF    08.1
....................     
....................    return(value); 
01BB:  MOVF   24,W
01BC:  MOVWF  78
01BD:  BCF    0A.3
01BE:  BCF    0A.4
01BF:  GOTO   20F (RETURN)
.................... } 
....................  
.................... // write a custom character to the ram 
.................... // which is 0-7 and specifies which character array we are modifying. 
.................... // ptr points to an array of 8 bytes, where each byte is the next row of 
.................... //    pixels.  only bits 0-4 are used.  the last row is the cursor row, and 
.................... //    usually you will want to leave this byte 0x00. 
.................... void lcd_set_cgram_char(unsigned int8 which, unsigned int8 *ptr) 
.................... { 
....................    unsigned int i; 
....................  
....................    which <<= 3; 
....................    which &= 0x38; 
....................  
....................    lcd_send_byte(0, 0x40 | which);  //set cgram address 
....................  
....................    for(i=0; i<8; i++) 
....................    { 
....................       lcd_send_byte(1, *ptr++); 
....................    } 
....................    
....................    #if defined(LCD_EXTENDED_NEWLINE) 
....................     lcd_gotoxy(g_LcdX+1, g_LcdY+1);  //set ddram address 
....................    #endif 
.................... } 
....................  
.................... void lcd_cursor_on(int1 on) 
.................... { 
....................    if (on) 
....................    { 
....................       lcd_send_byte(0,0x0F);           //turn LCD cursor ON 
....................    } 
....................    else 
....................    { 
....................       lcd_send_byte(0,0x0C);           //turn LCD cursor OFF 
....................    } 
.................... } 
....................  
.................... #endif 
....................  
....................  
.................... char z; 
.................... int i = 5; 
....................  
....................  
.................... void main() 
01C0:  MOVLW  05
01C1:  MOVWF  21
01C2:  BSF    03.5
01C3:  BSF    1F.0
01C4:  BSF    1F.1
01C5:  BSF    1F.2
01C6:  BCF    1F.3
01C7:  MOVLW  07
01C8:  MOVWF  1C
01C9:  BCF    03.7
01CA:  MOVLW  1F
01CB:  ANDWF  03,F
.................... { 
....................    lcd_init(); 
01CC:  BCF    03.5
01CD:  GOTO   082
....................    printf(lcd_putc,"\f"); 
01CE:  MOVLW  0C
01CF:  MOVWF  28
01D0:  CALL   0C7
....................    printf(lcd_putc,"DENEME"); 
01D1:  MOVLW  0C
01D2:  BSF    03.6
01D3:  MOVWF  0D
01D4:  MOVLW  00
01D5:  MOVWF  0F
01D6:  BCF    03.6
01D7:  CALL   0F3
....................    printf(lcd_putc,"\nTEST"); 
01D8:  MOVLW  10
01D9:  BSF    03.6
01DA:  MOVWF  0D
01DB:  MOVLW  00
01DC:  MOVWF  0F
01DD:  BCF    03.6
01DE:  CALL   0F3
....................    delay_ms(1000); 
01DF:  MOVLW  04
01E0:  MOVWF  22
01E1:  MOVLW  FA
01E2:  MOVWF  29
01E3:  CALL   019
01E4:  DECFSZ 22,F
01E5:  GOTO   1E1
....................     
....................    while(TRUE) 
....................    { 
....................       printf(lcd_putc,"\f"); 
01E6:  MOVLW  0C
01E7:  MOVWF  28
01E8:  CALL   0C7
....................       printf(lcd_putc,"i=%d",i); 
01E9:  MOVLW  69
01EA:  MOVWF  28
01EB:  CALL   0C7
01EC:  MOVLW  3D
01ED:  MOVWF  28
01EE:  CALL   0C7
01EF:  MOVF   21,W
01F0:  MOVWF  22
01F1:  MOVLW  18
01F2:  MOVWF  23
01F3:  GOTO   153
....................       delay_ms(1000); 
01F4:  MOVLW  04
01F5:  MOVWF  22
01F6:  MOVLW  FA
01F7:  MOVWF  29
01F8:  CALL   019
01F9:  DECFSZ 22,F
01FA:  GOTO   1F6
....................        
....................       printf(lcd_putc,"\f"); 
01FB:  MOVLW  0C
01FC:  MOVWF  28
01FD:  CALL   0C7
....................       lcd_gotoxy(3,1); 
01FE:  MOVLW  03
01FF:  MOVWF  29
0200:  MOVLW  01
0201:  MOVWF  2A
0202:  CALL   0B5
....................       printf(lcd_putc,"Hosgeldiniz"); 
0203:  MOVLW  13
0204:  BSF    03.6
0205:  MOVWF  0D
0206:  MOVLW  00
0207:  MOVWF  0F
0208:  BCF    03.6
0209:  CALL   0F3
....................       z=lcd_getc(6,1); 
020A:  MOVLW  06
020B:  MOVWF  22
020C:  MOVLW  01
020D:  MOVWF  23
020E:  GOTO   1AC
020F:  MOVF   78,W
0210:  MOVWF  20
....................       delay_ms(1000); 
0211:  MOVLW  04
0212:  MOVWF  22
0213:  MOVLW  FA
0214:  MOVWF  29
0215:  CALL   019
0216:  DECFSZ 22,F
0217:  GOTO   213
....................        
....................       printf(lcd_putc,"\f"); 
0218:  MOVLW  0C
0219:  MOVWF  28
021A:  CALL   0C7
....................       printf(lcd_putc,"z=%c",z); 
021B:  MOVLW  7A
021C:  MOVWF  28
021D:  CALL   0C7
021E:  MOVLW  3D
021F:  MOVWF  28
0220:  CALL   0C7
0221:  MOVF   20,W
0222:  MOVWF  28
0223:  CALL   0C7
....................       //delay eklemezsem ekranda z=9 goremiyorum hizli geciyor 
....................       delay_ms(1000); 
0224:  MOVLW  04
0225:  MOVWF  22
0226:  MOVLW  FA
0227:  MOVWF  29
0228:  CALL   019
0229:  DECFSZ 22,F
022A:  GOTO   226
022B:  GOTO   1E6
....................        
....................    } 
....................  
.................... } 
022C:  SLEEP

Configuration Fuses:
   Word  1: 3F39   XT NOWDT NOPUT NOBROWNOUT NOLVP NOCPD NOWRT NODEBUG NOPROTECT
