
ROM used:   557/8192 (7%)
            557/8192 (7%) including unused fragments

            0.5 Average locations per line
            5.5 Average locations per statement

RAM used:   8/368 (2%) at main() level
            23/368 (6%) worst case

Stack used: 0 worst case (0 in main + 0 for interrupts)
Stack size: 8

Lines Stmts  %   Files
----- ----- ---  -----
   43    18  18  main.c
   10     0   0  main.h
  661     0   0  ..\..\..\..\..\..\..\Program Files (x86)\PICC\Devices\16F877A.h
  456    84  82  ..\..\..\..\..\..\..\Program Files (x86)\PICC\Drivers\lcd.c
----- -----
 1170   102 Total

Page ROM  %  RAM   Vol Diff  Functions:
---- --- --- ---   --- ----  ----------
0     21   4    1             @delay_ms2
0      8   1    0             @const633
0     34   6    3   596  5.9  lcd_read_byte
0      6   1    0    59  4.2  lcd_read_nibble
0     12   2    1   179  3.3  lcd_send_nibble
0     32   6    3   460  4.7  lcd_send_byte
0     51   9    2   667  5.9  lcd_init
0     18   3    4   208  6.3  lcd_gotoxy
0     44   8    1   354  4.7  lcd_putc
0     20   4    4   238  4.0  lcd_getc
0    109  20    1   561  2.8  MAIN
0      4   1    0             @const669
0     75  13    4             @PSTRINGC7_651
0      3   1    0             @const671
0     21   4    3             @DIV88
0     89  16    6             @PRINTF_D_651
0      6   1    0             @const681
 Inline         0             @cinit1

Program metrics:
    Functions               9
    Statements              102
    Comments                215
    Volume (V)              5180
    Difficulty (D)          39.3
    Effort to implement (E) 203772
    Time to implement (T)   3 hours, 9 minutes
    Est Delivered Bugs (B)  1
    Cyclomatic Complexity   8
    Maintainability (MI)    146

 Segment     Used  Free
-----------  ----  ----
00000-00003     4  0  
00004-007FF   553  1491  
00800-00FFF     0  2048  
01000-017FF     0  2048  
01800-01FFF     0  2048  



