
ROM used:   120/8192 (1%)
            120/8192 (1%) including unused fragments

            0.2 Average locations per line
            4.3 Average locations per statement

RAM used:   13/368 (4%) at main() level
            14/368 (4%) worst case

Stack used: 1 worst case (0 in main + 1 for interrupts)
Stack size: 8

Lines Stmts  %   Files
----- ----- ---  -----
   59    28 100  main.c
   10     0   0  main.h
  661     0   0  ..\..\..\..\..\..\..\Program Files (x86)\PICC\Devices\16F877A.h
----- -----
  730    28 Total

Page ROM  %  RAM   Vol Diff  Functions:
---- --- --- ---   --- ----  ----------
0     24  20    1   248  3.7  timer0_kesmesi
0     49  41    0   362  2.8  MAIN
 Inline         0             @cinit1

Program metrics:
    Functions               2
    Statements              28
    Comments                114
    Volume (V)              728
    Difficulty (D)          6.4
    Effort to implement (E) 4657
    Time to implement (T)   4 minutes
    Est Delivered Bugs (B)  0
    Cyclomatic Complexity   3
    Maintainability (MI)    59

 Segment     Used  Free
-----------  ----  ----
00000-00003     4  0  
00004-0002E    43  0  
0002F-007FF    73  1928  
00800-00FFF     0  2048  
01000-017FF     0  2048  
01800-01FFF     0  2048  



