
ROM used:   94/8192 (1%)
            94/8192 (1%) including unused fragments

            0.1 Average locations per line
            6.3 Average locations per statement

RAM used:   12/368 (3%) at main() level
            12/368 (3%) worst case

Stack used: 1 worst case (0 in main + 1 for interrupts)
Stack size: 8

Lines Stmts  %   Files
----- ----- ---  -----
   39    15 100  main.c
   10     0   0  main.h
  661     0   0  ..\..\..\..\..\..\..\Program Files (x86)\PICC\Devices\16F877A.h
----- -----
  710    15 Total

Page ROM  %  RAM   Vol Diff  Functions:
---- --- --- ---   --- ----  ----------
0      5   5    0    17  0.8  dis_kesme
0     42  45    0   295  2.3  MAIN
 Inline         0             @cinit1

Program metrics:
    Functions               2
    Statements              15
    Comments                113
    Volume (V)              345
    Difficulty (D)          3.4
    Effort to implement (E) 1177
    Time to implement (T)   1 minutes
    Est Delivered Bugs (B)  0
    Cyclomatic Complexity   1
    Maintainability (MI)    72

 Segment     Used  Free
-----------  ----  ----
00000-00003     4  0  
00004-0002E    43  0  
0002F-007FF    47  1954  
00800-00FFF     0  2048  
01000-017FF     0  2048  
01800-01FFF     0  2048  



